#
# There is insufficient memory for the Java Runtime Environment to continue.
# Native memory allocation (mmap) failed to map 979369984 bytes for G1 virtual space
# Possible reasons:
#   The system is out of physical RAM or swap space
#   The process is running with CompressedOops enabled, and the Java Heap may be blocking the growth of the native heap
# Possible solutions:
#   Reduce memory load on the system
#   Increase physical memory or swap space
#   Check if swap backing store is full
#   Decrease Java heap size (-Xmx/-Xms)
#   Decrease number of Java threads
#   Decrease Java thread stack sizes (-Xss)
#   Set larger code cache with -XX:ReservedCodeCacheSize=
#   JVM is running with Zero Based Compressed Oops mode in which the Java heap is
#     placed in the first 32GB address space. The Java Heap base address is the
#     maximum limit for the native heap growth. Please use -XX:HeapBaseMinAddress
#     to set the Java Heap base and to place the Java Heap above 32GB virtual address.
# This output file may be truncated or incomplete.
#
#  Out of Memory Error (os_windows.cpp:3559), pid=15560, tid=6192
#
# JRE version: OpenJDK Runtime Environment Temurin-17.0.7+7 (17.0.7+7) (build 17.0.7+7)
# Java VM: OpenJDK 64-Bit Server VM Temurin-17.0.7+7 (17.0.7+7, mixed mode, emulated-client, tiered, compressed oops, compressed class ptrs, g1 gc, windows-amd64)
# No core dump will be written. Minidumps are not enabled by default on client versions of Windows
#

---------------  S U M M A R Y ------------

Command Line: -Dcom.sun.management.jmxremote -Dcom.sun.management.jmxremote.port=59111 -Dcom.sun.management.jmxremote.authenticate=false -Dcom.sun.management.jmxremote.ssl=false -Djava.rmi.server.hostname=localhost -Dspring.jmx.enabled=true -Dmanagement.endpoints.jmx.exposure.include=* -Dspring.application.admin.enabled=true -Xms512m -Xmx4096m -XX:TieredStopAtLevel=1 -Dspring.boot.project.name=BackEnd_Matriz-master -Dfile.encoding=UTF-8 -XX:+ShowCodeDetailsInExceptionMessages com.back.cd.back.cd.Application --spring.output.ansi.enabled=always

Host: 11th Gen Intel(R) Core(TM) i5-1135G7 @ 2.40GHz, 8 cores, 7G,  Windows 11 , 64 bit Build 26100 (10.0.26100.7623)
Time: Fri Apr 24 10:32:43 2026 Hora estándar central (México) elapsed time: 6545.867398 seconds (0d 1h 49m 5s)

---------------  T H R E A D  ---------------

Current thread (0x0000019e2c4a91d0):  VMThread "VM Thread" [stack: 0x00000096eef00000,0x00000096ef000000] [id=6192]

Stack: [0x00000096eef00000,0x00000096ef000000]
Native frames: (J=compiled Java code, j=interpreted, Vv=VM code, C=native code)
V  [jvm.dll+0x67754a]
V  [jvm.dll+0x834304]
V  [jvm.dll+0x835aae]
V  [jvm.dll+0x836113]
V  [jvm.dll+0x24696f]
V  [jvm.dll+0x6743f9]
V  [jvm.dll+0x668c8a]
V  [jvm.dll+0x3061bb]
V  [jvm.dll+0x30d6a6]
V  [jvm.dll+0x35cece]
V  [jvm.dll+0x35d0ff]
V  [jvm.dll+0x2dd048]
V  [jvm.dll+0x2db20c]
V  [jvm.dll+0x2da7dc]
V  [jvm.dll+0x31ea01]
V  [jvm.dll+0x83a5bb]
V  [jvm.dll+0x83b2f4]
V  [jvm.dll+0x83b80c]
V  [jvm.dll+0x83bbe4]
V  [jvm.dll+0x83bcb0]
V  [jvm.dll+0x7e4e7a]
V  [jvm.dll+0x676395]
C  [ucrtbase.dll+0x37b0]
C  [KERNEL32.DLL+0x2e8d7]
C  [ntdll.dll+0x8c53c]

VM_Operation (0x00000096f1bfa0a0): G1TryInitiateConcMark, mode: safepoint, requested by thread 0x0000019e323406f0


---------------  P R O C E S S  ---------------

Threads class SMR info:
_java_thread_list=0x0000019e2c6495f0, length=34, elements={
0x0000019e2c4ae830, 0x0000019e2c4b0300, 0x0000019e2c4f42a0, 0x0000019e2c4f4c60,
0x0000019e2c4f5520, 0x0000019e2c4fa2f0, 0x0000019e2c4fabb0, 0x0000019e2c5054d0,
0x0000019e2be0a6c0, 0x0000019e2c6efe90, 0x0000019e3157b770, 0x0000019e315468d0,
0x0000019e31576ca0, 0x0000019e319356c0, 0x0000019e31943e60, 0x0000019e3198afe0,
0x0000019e3233f880, 0x0000019e32341a30, 0x0000019e3233e540, 0x0000019e32341560,
0x0000019e32341090, 0x0000019e3233fd50, 0x0000019e3233eee0, 0x0000019e3233e070,
0x0000019e32340220, 0x0000019e3233f3b0, 0x0000019e323406f0, 0x0000019e32c38ae0,
0x0000019e32c37c70, 0x0000019e32c3b160, 0x0000019e32c3a7c0, 0x0000019e32c377a0,
0x0000019e32c38fb0, 0x0000019e32c3ac90
}

Java Threads: ( => current thread )
  0x0000019e2c4ae830 JavaThread "Reference Handler" daemon [_thread_blocked, id=18328, stack(0x00000096ef000000,0x00000096ef100000)]
  0x0000019e2c4b0300 JavaThread "Finalizer" daemon [_thread_blocked, id=18784, stack(0x00000096ef100000,0x00000096ef200000)]
  0x0000019e2c4f42a0 JavaThread "Signal Dispatcher" daemon [_thread_blocked, id=8204, stack(0x00000096ef200000,0x00000096ef300000)]
  0x0000019e2c4f4c60 JavaThread "Attach Listener" daemon [_thread_blocked, id=2788, stack(0x00000096ef300000,0x00000096ef400000)]
  0x0000019e2c4f5520 JavaThread "Service Thread" daemon [_thread_blocked, id=4660, stack(0x00000096ef400000,0x00000096ef500000)]
  0x0000019e2c4fa2f0 JavaThread "Monitor Deflation Thread" daemon [_thread_blocked, id=14936, stack(0x00000096ef500000,0x00000096ef600000)]
  0x0000019e2c4fabb0 JavaThread "C1 CompilerThread0" daemon [_thread_blocked, id=9920, stack(0x00000096ef600000,0x00000096ef700000)]
  0x0000019e2c5054d0 JavaThread "Sweeper thread" daemon [_thread_blocked, id=14396, stack(0x00000096ef700000,0x00000096ef800000)]
  0x0000019e2be0a6c0 JavaThread "Common-Cleaner" daemon [_thread_blocked, id=19036, stack(0x00000096ef800000,0x00000096ef900000)]
  0x0000019e2c6efe90 JavaThread "Notification Thread" daemon [_thread_blocked, id=19152, stack(0x00000096efb00000,0x00000096efc00000)]
  0x0000019e3157b770 JavaThread "RMI TCP Accept-0" daemon [_thread_in_native, id=17076, stack(0x00000096efd00000,0x00000096efe00000)]
  0x0000019e315468d0 JavaThread "RMI TCP Accept-59111" daemon [_thread_in_native, id=18936, stack(0x00000096efe00000,0x00000096eff00000)]
  0x0000019e31576ca0 JavaThread "RMI TCP Accept-0" daemon [_thread_in_native, id=16212, stack(0x00000096eff00000,0x00000096f0000000)]
  0x0000019e319356c0 JavaThread "RMI Scheduler(0)" daemon [_thread_blocked, id=15428, stack(0x00000096f0200000,0x00000096f0300000)]
  0x0000019e31943e60 JavaThread "RMI TCP Connection(117)-127.0.0.1" daemon [_thread_in_native, id=6772, stack(0x00000096f0300000,0x00000096f0400000)]
  0x0000019e3198afe0 JavaThread "JMX server connection timeout 22" daemon [_thread_blocked, id=17320, stack(0x00000096f0400000,0x00000096f0500000)]
  0x0000019e3233f880 JavaThread "Catalina-utility-1" [_thread_blocked, id=16364, stack(0x00000096f0e00000,0x00000096f0f00000)]
  0x0000019e32341a30 JavaThread "Catalina-utility-2" [_thread_blocked, id=6124, stack(0x00000096f1000000,0x00000096f1100000)]
  0x0000019e3233e540 JavaThread "container-0" [_thread_blocked, id=17356, stack(0x00000096f1100000,0x00000096f1200000)]
  0x0000019e32341560 JavaThread "mysql-cj-abandoned-connection-cleanup" daemon [_thread_blocked, id=9704, stack(0x00000096f1200000,0x00000096f1300000)]
  0x0000019e32341090 JavaThread "HikariPool-1 housekeeper" daemon [_thread_blocked, id=18824, stack(0x00000096f1400000,0x00000096f1500000)]
  0x0000019e3233fd50 JavaThread "http-nio-8082-exec-1" daemon [_thread_blocked, id=16424, stack(0x00000096f1600000,0x00000096f1700000)]
  0x0000019e3233eee0 JavaThread "http-nio-8082-exec-2" daemon [_thread_blocked, id=15912, stack(0x00000096f1700000,0x00000096f1800000)]
  0x0000019e3233e070 JavaThread "http-nio-8082-exec-3" daemon [_thread_blocked, id=15908, stack(0x00000096f1800000,0x00000096f1900000)]
  0x0000019e32340220 JavaThread "http-nio-8082-exec-4" daemon [_thread_blocked, id=15256, stack(0x00000096f1900000,0x00000096f1a00000)]
  0x0000019e3233f3b0 JavaThread "http-nio-8082-exec-5" daemon [_thread_blocked, id=9716, stack(0x00000096f1a00000,0x00000096f1b00000)]
  0x0000019e323406f0 JavaThread "http-nio-8082-exec-6" daemon [_thread_blocked, id=11664, stack(0x00000096f1b00000,0x00000096f1c00000)]
  0x0000019e32c38ae0 JavaThread "http-nio-8082-exec-7" daemon [_thread_blocked, id=8792, stack(0x00000096f1c00000,0x00000096f1d00000)]
  0x0000019e32c37c70 JavaThread "http-nio-8082-exec-8" daemon [_thread_blocked, id=8636, stack(0x00000096f1d00000,0x00000096f1e00000)]
  0x0000019e32c3b160 JavaThread "http-nio-8082-exec-9" daemon [_thread_blocked, id=19244, stack(0x00000096f1e00000,0x00000096f1f00000)]
  0x0000019e32c3a7c0 JavaThread "http-nio-8082-exec-10" daemon [_thread_blocked, id=19064, stack(0x00000096f1f00000,0x00000096f2000000)]
  0x0000019e32c377a0 JavaThread "http-nio-8082-Poller" daemon [_thread_in_native, id=18836, stack(0x00000096f2000000,0x00000096f2100000)]
  0x0000019e32c38fb0 JavaThread "http-nio-8082-Acceptor" daemon [_thread_in_native, id=10492, stack(0x00000096f2100000,0x00000096f2200000)]
  0x0000019e32c3ac90 JavaThread "DestroyJavaVM" [_thread_blocked, id=2888, stack(0x00000096ee900000,0x00000096eea00000)]

Other Threads:
=>0x0000019e2c4a91d0 VMThread "VM Thread" [stack: 0x00000096eef00000,0x00000096ef000000] [id=6192]
  0x0000019e1915a8e0 WatcherThread [stack: 0x00000096f0000000,0x00000096f0100000] [id=15188]
  0x0000019e19137e60 GCTaskThread "GC Thread#0" [stack: 0x00000096eea00000,0x00000096eeb00000] [id=12684]
  0x0000019e319a9900 GCTaskThread "GC Thread#1" [stack: 0x00000096f0500000,0x00000096f0600000] [id=5672]
  0x0000019e319a9bb0 GCTaskThread "GC Thread#2" [stack: 0x00000096f0600000,0x00000096f0700000] [id=4876]
  0x0000019e319b1e70 GCTaskThread "GC Thread#3" [stack: 0x00000096f0700000,0x00000096f0800000] [id=7020]
  0x0000019e319b2120 GCTaskThread "GC Thread#4" [stack: 0x00000096f0800000,0x00000096f0900000] [id=16152]
  0x0000019e319b83f0 GCTaskThread "GC Thread#5" [stack: 0x00000096f0900000,0x00000096f0a00000] [id=4244]
  0x0000019e319b86a0 GCTaskThread "GC Thread#6" [stack: 0x00000096f0a00000,0x00000096f0b00000] [id=18620]
  0x0000019e319b8950 GCTaskThread "GC Thread#7" [stack: 0x00000096f0b00000,0x00000096f0c00000] [id=11528]
  0x0000019e19148cb0 ConcurrentGCThread "G1 Main Marker" [stack: 0x00000096eeb00000,0x00000096eec00000] [id=15620]
  0x0000019e1914ba50 ConcurrentGCThread "G1 Conc#0" [stack: 0x00000096eec00000,0x00000096eed00000] [id=17932]
  0x0000019e31c8e030 ConcurrentGCThread "G1 Conc#1" [stack: 0x00000096f0f00000,0x00000096f1000000] [id=12496]
  0x0000019e2bda5fe0 ConcurrentGCThread "G1 Refine#0" [stack: 0x00000096eed00000,0x00000096eee00000] [id=1868]
  0x0000019e319a1360 ConcurrentGCThread "G1 Refine#1" [stack: 0x00000096f0c00000,0x00000096f0d00000] [id=720]
  0x0000019e31997750 ConcurrentGCThread "G1 Refine#2" [stack: 0x00000096f0d00000,0x00000096f0e00000] [id=9672]
  0x0000019e31917b60 ConcurrentGCThread "G1 Refine#3" [stack: 0x00000096f0100000,0x00000096f0200000] [id=17772]
  0x0000019e328881a0 ConcurrentGCThread "G1 Refine#4" [stack: 0x00000096f1500000,0x00000096f1600000] [id=16540]
  0x0000019e32888760 ConcurrentGCThread "G1 Refine#5" [stack: 0x00000096f2200000,0x00000096f2300000] [id=9140]
  0x0000019e32887ec0 ConcurrentGCThread "G1 Refine#6" [stack: 0x00000096f2300000,0x00000096f2400000] [id=17096]
  0x0000019e32888a40 ConcurrentGCThread "G1 Refine#7" [stack: 0x00000096f2400000,0x00000096f2500000] [id=13784]
  0x0000019e1916e8b0 ConcurrentGCThread "G1 Service" [stack: 0x00000096eee00000,0x00000096eef00000] [id=2056]

Threads with active compile tasks:

VM state: at safepoint (normal execution)

VM Mutex/Monitor currently owned by a thread:  ([mutex/lock_event])
[0x0000019e190c7110] Threads_lock - owner thread: 0x0000019e2c4a91d0
[0x0000019e190c73e0] Heap_lock - owner thread: 0x0000019e323406f0

Heap address: 0x0000000700000000, size: 4096 MB, Compressed Oops mode: Zero based, Oop shift amount: 3

CDS archive(s) not mapped
Compressed class space mapped at: 0x0000000800000000-0x0000000840000000, reserved size: 1073741824
Narrow klass base: 0x0000000800000000, Narrow klass shift: 0, Narrow klass range: 0x40000000

GC Precious Log:
 CPUs: 8 total, 8 available
 Memory: 7585M
 Large Page Support: Disabled
 NUMA Support: Disabled
 Compressed Oops: Enabled (Zero based)
 Heap Region Size: 2M
 Heap Min Capacity: 512M
 Heap Initial Capacity: 512M
 Heap Max Capacity: 4G
 Pre-touch: Disabled
 Parallel Workers: 8
 Concurrent Workers: 2
 Concurrent Refinement Workers: 8
 Periodic GC: Disabled

Heap:
 garbage-first heap   total 561152K, used 220993K [0x0000000700000000, 0x0000000800000000)
  region size 2048K, 12 young (24576K), 12 survivors (24576K)
 Metaspace       used 64327K, committed 65024K, reserved 1114112K
  class space    used 8669K, committed 9024K, reserved 1048576K

Heap Regions: E=young(eden), S=young(survivor), O=old, HS=humongous(starts), HC=humongous(continues), CS=collection set, F=free, OA=open archive, CA=closed archive, TAMS=top-at-mark-start (previous, next)
|   0|0x0000000700000000, 0x0000000700200000, 0x0000000700200000|100%| O|  |TAMS 0x0000000700200000, 0x0000000700200000| Untracked 
|   1|0x0000000700200000, 0x0000000700400000, 0x0000000700400000|100%| O|  |TAMS 0x0000000700400000, 0x0000000700400000| Untracked 
|   2|0x0000000700400000, 0x0000000700600000, 0x0000000700600000|100%| O|  |TAMS 0x0000000700600000, 0x0000000700600000| Untracked 
|   3|0x0000000700600000, 0x0000000700800000, 0x0000000700800000|100%| O|  |TAMS 0x0000000700800000, 0x0000000700800000| Untracked 
|   4|0x0000000700800000, 0x0000000700a00000, 0x0000000700a00000|100%| O|  |TAMS 0x0000000700a00000, 0x0000000700a00000| Untracked 
|   5|0x0000000700a00000, 0x0000000700c00000, 0x0000000700c00000|100%| O|  |TAMS 0x0000000700a00000, 0x0000000700c00000| Untracked 
|   6|0x0000000700c00000, 0x0000000700e00000, 0x0000000700e00000|100%| O|  |TAMS 0x0000000700c00000, 0x0000000700e00000| Untracked 
|   7|0x0000000700e00000, 0x0000000701000000, 0x0000000701000000|100%| O|  |TAMS 0x0000000700e00000, 0x0000000700e00000| Untracked 
|   8|0x0000000701000000, 0x0000000701200000, 0x0000000701200000|100%| O|  |TAMS 0x0000000701200000, 0x0000000701200000| Untracked 
|   9|0x0000000701200000, 0x0000000701400000, 0x0000000701400000|100%| O|  |TAMS 0x0000000701400000, 0x0000000701400000| Untracked 
|  10|0x0000000701400000, 0x0000000701600000, 0x0000000701600000|100%| O|  |TAMS 0x0000000701600000, 0x0000000701600000| Untracked 
|  11|0x0000000701600000, 0x0000000701800000, 0x0000000701800000|100%| O|  |TAMS 0x0000000701800000, 0x0000000701800000| Untracked 
|  12|0x0000000701800000, 0x0000000701a00000, 0x0000000701a00000|100%| O|  |TAMS 0x0000000701a00000, 0x0000000701a00000| Untracked 
|  13|0x0000000701a00000, 0x0000000701c00000, 0x0000000701c00000|100%| O|  |TAMS 0x0000000701c00000, 0x0000000701c00000| Untracked 
|  14|0x0000000701c00000, 0x0000000701e00000, 0x0000000701e00000|100%| O|  |TAMS 0x0000000701e00000, 0x0000000701e00000| Untracked 
|  15|0x0000000701e00000, 0x0000000702000000, 0x0000000702000000|100%| O|  |TAMS 0x0000000702000000, 0x0000000702000000| Untracked 
|  16|0x0000000702000000, 0x0000000702200000, 0x0000000702200000|100%| O|  |TAMS 0x0000000702200000, 0x0000000702200000| Untracked 
|  17|0x0000000702200000, 0x0000000702400000, 0x0000000702400000|100%| O|  |TAMS 0x0000000702400000, 0x0000000702400000| Untracked 
|  18|0x0000000702400000, 0x0000000702600000, 0x0000000702600000|100%| O|  |TAMS 0x0000000702400000, 0x0000000702400000| Untracked 
|  19|0x0000000702600000, 0x0000000702800000, 0x0000000702800000|100%| O|  |TAMS 0x0000000702600000, 0x0000000702800000| Untracked 
|  20|0x0000000702800000, 0x0000000702a00000, 0x0000000702a00000|100%| O|  |TAMS 0x0000000702800000, 0x0000000702800000| Untracked 
|  21|0x0000000702a00000, 0x0000000702bd0600, 0x0000000702c00000| 90%| O|  |TAMS 0x0000000702a00000, 0x0000000702a00000| Untracked 
|  22|0x0000000702c00000, 0x0000000702c00000, 0x0000000702e00000|  0%| F|  |TAMS 0x0000000702c00000, 0x0000000702c00000| Untracked 
|  23|0x0000000702e00000, 0x0000000703000000, 0x0000000703000000|100%| O|  |TAMS 0x0000000703000000, 0x0000000703000000| Untracked 
|  24|0x0000000703000000, 0x0000000703000000, 0x0000000703200000|  0%| F|  |TAMS 0x0000000703000000, 0x0000000703000000| Untracked 
|  25|0x0000000703200000, 0x0000000703200000, 0x0000000703400000|  0%| F|  |TAMS 0x0000000703200000, 0x0000000703200000| Untracked 
|  26|0x0000000703400000, 0x0000000703400000, 0x0000000703600000|  0%| F|  |TAMS 0x0000000703400000, 0x0000000703400000| Untracked 
|  27|0x0000000703600000, 0x0000000703600000, 0x0000000703800000|  0%| F|  |TAMS 0x0000000703600000, 0x0000000703600000| Untracked 
|  28|0x0000000703800000, 0x0000000703a00000, 0x0000000703a00000|100%| O|  |TAMS 0x0000000703800000, 0x0000000703a00000| Untracked 
|  29|0x0000000703a00000, 0x0000000703c00000, 0x0000000703c00000|100%| O|  |TAMS 0x0000000703a00000, 0x0000000703c00000| Untracked 
|  30|0x0000000703c00000, 0x0000000703e00000, 0x0000000703e00000|100%| O|  |TAMS 0x0000000703c00000, 0x0000000703e00000| Untracked 
|  31|0x0000000703e00000, 0x0000000704000000, 0x0000000704000000|100%| O|  |TAMS 0x0000000703e00000, 0x0000000704000000| Untracked 
|  32|0x0000000704000000, 0x0000000704200000, 0x0000000704200000|100%| O|  |TAMS 0x0000000704000000, 0x0000000704200000| Untracked 
|  33|0x0000000704200000, 0x0000000704400000, 0x0000000704400000|100%| O|  |TAMS 0x0000000704400000, 0x0000000704400000| Untracked 
|  34|0x0000000704400000, 0x0000000704600000, 0x0000000704600000|100%| O|  |TAMS 0x0000000704400000, 0x0000000704600000| Untracked 
|  35|0x0000000704600000, 0x0000000704800000, 0x0000000704800000|100%| O|  |TAMS 0x0000000704800000, 0x0000000704800000| Untracked 
|  36|0x0000000704800000, 0x0000000704a00000, 0x0000000704a00000|100%| O|  |TAMS 0x0000000704800000, 0x0000000704a00000| Untracked 
|  37|0x0000000704a00000, 0x0000000704c00000, 0x0000000704c00000|100%| O|  |TAMS 0x0000000704a00000, 0x0000000704c00000| Untracked 
|  38|0x0000000704c00000, 0x0000000704e00000, 0x0000000704e00000|100%| O|  |TAMS 0x0000000704c00000, 0x0000000704e00000| Untracked 
|  39|0x0000000704e00000, 0x0000000705000000, 0x0000000705000000|100%|HS|  |TAMS 0x0000000704e00000, 0x0000000705000000| Complete 
|  40|0x0000000705000000, 0x0000000705200000, 0x0000000705200000|100%| O|  |TAMS 0x0000000705200000, 0x0000000705200000| Untracked 
|  41|0x0000000705200000, 0x0000000705400000, 0x0000000705400000|100%| O|  |TAMS 0x0000000705200000, 0x0000000705400000| Untracked 
|  42|0x0000000705400000, 0x0000000705600000, 0x0000000705600000|100%| O|  |TAMS 0x0000000705400000, 0x0000000705600000| Untracked 
|  43|0x0000000705600000, 0x0000000705800000, 0x0000000705800000|100%| O|  |TAMS 0x0000000705600000, 0x0000000705800000| Untracked 
|  44|0x0000000705800000, 0x0000000705a00000, 0x0000000705a00000|100%| O|  |TAMS 0x0000000705800000, 0x0000000705a00000| Untracked 
|  45|0x0000000705a00000, 0x0000000705c00000, 0x0000000705c00000|100%| O|  |TAMS 0x0000000705a00000, 0x0000000705c00000| Untracked 
|  46|0x0000000705c00000, 0x0000000705e00000, 0x0000000705e00000|100%| O|  |TAMS 0x0000000705c00000, 0x0000000705e00000| Untracked 
|  47|0x0000000705e00000, 0x0000000706000000, 0x0000000706000000|100%| O|  |TAMS 0x0000000706000000, 0x0000000706000000| Untracked 
|  48|0x0000000706000000, 0x0000000706200000, 0x0000000706200000|100%| O|  |TAMS 0x0000000706000000, 0x0000000706200000| Untracked 
|  49|0x0000000706200000, 0x0000000706400000, 0x0000000706400000|100%| O|  |TAMS 0x0000000706200000, 0x0000000706400000| Untracked 
|  50|0x0000000706400000, 0x0000000706600000, 0x0000000706600000|100%| O|  |TAMS 0x0000000706400000, 0x0000000706600000| Untracked 
|  51|0x0000000706600000, 0x0000000706600000, 0x0000000706800000|  0%| F|  |TAMS 0x0000000706600000, 0x0000000706600000| Untracked 
|  52|0x0000000706800000, 0x0000000706a00000, 0x0000000706a00000|100%| O|  |TAMS 0x0000000706800000, 0x0000000706a00000| Untracked 
|  53|0x0000000706a00000, 0x0000000706c00000, 0x0000000706c00000|100%| O|  |TAMS 0x0000000706a00000, 0x0000000706c00000| Untracked 
|  54|0x0000000706c00000, 0x0000000706e00000, 0x0000000706e00000|100%| O|  |TAMS 0x0000000706c00000, 0x0000000706e00000| Untracked 
|  55|0x0000000706e00000, 0x0000000707000000, 0x0000000707000000|100%| O|  |TAMS 0x0000000706e00000, 0x0000000707000000| Untracked 
|  56|0x0000000707000000, 0x0000000707200000, 0x0000000707200000|100%| O|  |TAMS 0x0000000707000000, 0x0000000707200000| Untracked 
|  57|0x0000000707200000, 0x0000000707400000, 0x0000000707400000|100%| O|  |TAMS 0x0000000707200000, 0x0000000707400000| Untracked 
|  58|0x0000000707400000, 0x0000000707600000, 0x0000000707600000|100%| O|  |TAMS 0x0000000707400000, 0x0000000707600000| Untracked 
|  59|0x0000000707600000, 0x0000000707800000, 0x0000000707800000|100%| O|  |TAMS 0x0000000707600000, 0x0000000707800000| Untracked 
|  60|0x0000000707800000, 0x0000000707a00000, 0x0000000707a00000|100%| O|  |TAMS 0x0000000707800000, 0x0000000707a00000| Untracked 
|  61|0x0000000707a00000, 0x0000000707c00000, 0x0000000707c00000|100%| O|  |TAMS 0x0000000707a00000, 0x0000000707c00000| Untracked 
|  62|0x0000000707c00000, 0x0000000707e00000, 0x0000000707e00000|100%| O|  |TAMS 0x0000000707c00000, 0x0000000707e00000| Untracked 
|  63|0x0000000707e00000, 0x0000000708000000, 0x0000000708000000|100%| O|  |TAMS 0x0000000707e00000, 0x0000000708000000| Untracked 
|  64|0x0000000708000000, 0x0000000708200000, 0x0000000708200000|100%| O|  |TAMS 0x0000000708000000, 0x0000000708200000| Untracked 
|  65|0x0000000708200000, 0x0000000708400000, 0x0000000708400000|100%| O|  |TAMS 0x0000000708200000, 0x0000000708400000| Untracked 
|  66|0x0000000708400000, 0x0000000708600000, 0x0000000708600000|100%| O|  |TAMS 0x0000000708400000, 0x0000000708600000| Untracked 
|  67|0x0000000708600000, 0x0000000708800000, 0x0000000708800000|100%| O|  |TAMS 0x0000000708600000, 0x0000000708800000| Untracked 
|  68|0x0000000708800000, 0x0000000708a00000, 0x0000000708a00000|100%| O|  |TAMS 0x0000000708800000, 0x0000000708a00000| Untracked 
|  69|0x0000000708a00000, 0x0000000708c00000, 0x0000000708c00000|100%| O|  |TAMS 0x0000000708a00000, 0x0000000708c00000| Untracked 
|  70|0x0000000708c00000, 0x0000000708c00000, 0x0000000708e00000|  0%| F|  |TAMS 0x0000000708c00000, 0x0000000708c00000| Untracked 
|  71|0x0000000708e00000, 0x0000000708e00000, 0x0000000709000000|  0%| F|  |TAMS 0x0000000708e00000, 0x0000000708e00000| Untracked 
|  72|0x0000000709000000, 0x0000000709200000, 0x0000000709200000|100%| O|  |TAMS 0x0000000709200000, 0x0000000709200000| Untracked 
|  73|0x0000000709200000, 0x0000000709200000, 0x0000000709400000|  0%| F|  |TAMS 0x0000000709200000, 0x0000000709200000| Untracked 
|  74|0x0000000709400000, 0x0000000709600000, 0x0000000709600000|100%| O|  |TAMS 0x0000000709400000, 0x0000000709600000| Untracked 
|  75|0x0000000709600000, 0x0000000709600000, 0x0000000709800000|  0%| F|  |TAMS 0x0000000709600000, 0x0000000709600000| Untracked 
|  76|0x0000000709800000, 0x0000000709a00000, 0x0000000709a00000|100%| O|  |TAMS 0x0000000709800000, 0x0000000709a00000| Untracked 
|  77|0x0000000709a00000, 0x0000000709c00000, 0x0000000709c00000|100%| O|  |TAMS 0x0000000709a00000, 0x0000000709c00000| Untracked 
|  78|0x0000000709c00000, 0x0000000709e00000, 0x0000000709e00000|100%| O|  |TAMS 0x0000000709c00000, 0x0000000709e00000| Untracked 
|  79|0x0000000709e00000, 0x000000070a000000, 0x000000070a000000|100%| O|  |TAMS 0x0000000709e00000, 0x000000070a000000| Untracked 
|  80|0x000000070a000000, 0x000000070a200000, 0x000000070a200000|100%| O|  |TAMS 0x000000070a200000, 0x000000070a200000| Untracked 
|  81|0x000000070a200000, 0x000000070a400000, 0x000000070a400000|100%| O|  |TAMS 0x000000070a200000, 0x000000070a400000| Untracked 
|  82|0x000000070a400000, 0x000000070a600000, 0x000000070a600000|100%| O|  |TAMS 0x000000070a600000, 0x000000070a600000| Untracked 
|  83|0x000000070a600000, 0x000000070a600000, 0x000000070a800000|  0%| F|  |TAMS 0x000000070a600000, 0x000000070a600000| Untracked 
|  84|0x000000070a800000, 0x000000070aa00000, 0x000000070aa00000|100%| O|  |TAMS 0x000000070a800000, 0x000000070aa00000| Untracked 
|  85|0x000000070aa00000, 0x000000070ac00000, 0x000000070ac00000|100%| O|  |TAMS 0x000000070ac00000, 0x000000070ac00000| Untracked 
|  86|0x000000070ac00000, 0x000000070ae00000, 0x000000070ae00000|100%| O|  |TAMS 0x000000070ac00000, 0x000000070ae00000| Untracked 
|  87|0x000000070ae00000, 0x000000070b000000, 0x000000070b000000|100%| O|  |TAMS 0x000000070ae00000, 0x000000070b000000| Untracked 
|  88|0x000000070b000000, 0x000000070b200000, 0x000000070b200000|100%| O|  |TAMS 0x000000070b200000, 0x000000070b200000| Untracked 
|  89|0x000000070b200000, 0x000000070b400000, 0x000000070b400000|100%| O|  |TAMS 0x000000070b400000, 0x000000070b400000| Untracked 
|  90|0x000000070b400000, 0x000000070b600000, 0x000000070b600000|100%| O|  |TAMS 0x000000070b400000, 0x000000070b600000| Untracked 
|  91|0x000000070b600000, 0x000000070b800000, 0x000000070b800000|100%| O|  |TAMS 0x000000070b600000, 0x000000070b800000| Untracked 
|  92|0x000000070b800000, 0x000000070b800000, 0x000000070ba00000|  0%| F|  |TAMS 0x000000070b800000, 0x000000070b800000| Untracked 
|  93|0x000000070ba00000, 0x000000070ba00000, 0x000000070bc00000|  0%| F|  |TAMS 0x000000070ba00000, 0x000000070ba00000| Untracked 
|  94|0x000000070bc00000, 0x000000070bc00000, 0x000000070be00000|  0%| F|  |TAMS 0x000000070bc00000, 0x000000070bc00000| Untracked 
|  95|0x000000070be00000, 0x000000070be00000, 0x000000070c000000|  0%| F|  |TAMS 0x000000070be00000, 0x000000070be00000| Untracked 
|  96|0x000000070c000000, 0x000000070c000000, 0x000000070c200000|  0%| F|  |TAMS 0x000000070c000000, 0x000000070c000000| Untracked 
|  97|0x000000070c200000, 0x000000070c200000, 0x000000070c400000|  0%| F|  |TAMS 0x000000070c200000, 0x000000070c200000| Untracked 
|  98|0x000000070c400000, 0x000000070c400000, 0x000000070c600000|  0%| F|  |TAMS 0x000000070c400000, 0x000000070c400000| Untracked 
|  99|0x000000070c600000, 0x000000070c600000, 0x000000070c800000|  0%| F|  |TAMS 0x000000070c600000, 0x000000070c600000| Untracked 
| 100|0x000000070c800000, 0x000000070c800000, 0x000000070ca00000|  0%| F|  |TAMS 0x000000070c800000, 0x000000070c800000| Untracked 
| 101|0x000000070ca00000, 0x000000070ca00000, 0x000000070cc00000|  0%| F|  |TAMS 0x000000070ca00000, 0x000000070ca00000| Untracked 
| 102|0x000000070cc00000, 0x000000070cc00000, 0x000000070ce00000|  0%| F|  |TAMS 0x000000070cc00000, 0x000000070cc00000| Untracked 
| 103|0x000000070ce00000, 0x000000070ce00000, 0x000000070d000000|  0%| F|  |TAMS 0x000000070ce00000, 0x000000070ce00000| Untracked 
| 104|0x000000070d000000, 0x000000070d000000, 0x000000070d200000|  0%| F|  |TAMS 0x000000070d000000, 0x000000070d000000| Untracked 
| 105|0x000000070d200000, 0x000000070d200000, 0x000000070d400000|  0%| F|  |TAMS 0x000000070d200000, 0x000000070d200000| Untracked 
| 106|0x000000070d400000, 0x000000070d400000, 0x000000070d600000|  0%| F|  |TAMS 0x000000070d400000, 0x000000070d400000| Untracked 
| 107|0x000000070d600000, 0x000000070d600000, 0x000000070d800000|  0%| F|  |TAMS 0x000000070d600000, 0x000000070d600000| Untracked 
| 108|0x000000070d800000, 0x000000070d800000, 0x000000070da00000|  0%| F|  |TAMS 0x000000070d800000, 0x000000070d800000| Untracked 
| 109|0x000000070da00000, 0x000000070da00000, 0x000000070dc00000|  0%| F|  |TAMS 0x000000070da00000, 0x000000070da00000| Untracked 
| 110|0x000000070dc00000, 0x000000070dc00000, 0x000000070de00000|  0%| F|  |TAMS 0x000000070dc00000, 0x000000070dc00000| Untracked 
| 111|0x000000070de00000, 0x000000070de00000, 0x000000070e000000|  0%| F|  |TAMS 0x000000070de00000, 0x000000070de00000| Untracked 
| 112|0x000000070e000000, 0x000000070e000000, 0x000000070e200000|  0%| F|  |TAMS 0x000000070e000000, 0x000000070e000000| Untracked 
| 113|0x000000070e200000, 0x000000070e200000, 0x000000070e400000|  0%| F|  |TAMS 0x000000070e200000, 0x000000070e200000| Untracked 
| 114|0x000000070e400000, 0x000000070e400000, 0x000000070e600000|  0%| F|  |TAMS 0x000000070e400000, 0x000000070e400000| Untracked 
| 115|0x000000070e600000, 0x000000070e800000, 0x000000070e800000|100%| O|  |TAMS 0x000000070e800000, 0x000000070e800000| Untracked 
| 116|0x000000070e800000, 0x000000070ea00000, 0x000000070ea00000|100%| O|  |TAMS 0x000000070ea00000, 0x000000070ea00000| Untracked 
| 117|0x000000070ea00000, 0x000000070ea00000, 0x000000070ec00000|  0%| F|  |TAMS 0x000000070ea00000, 0x000000070ea00000| Untracked 
| 118|0x000000070ec00000, 0x000000070ec00000, 0x000000070ee00000|  0%| F|  |TAMS 0x000000070ec00000, 0x000000070ec00000| Untracked 
| 119|0x000000070ee00000, 0x000000070f000000, 0x000000070f000000|100%| O|  |TAMS 0x000000070f000000, 0x000000070f000000| Untracked 
| 120|0x000000070f000000, 0x000000070f000000, 0x000000070f200000|  0%| F|  |TAMS 0x000000070f000000, 0x000000070f000000| Untracked 
| 121|0x000000070f200000, 0x000000070f200000, 0x000000070f400000|  0%| F|  |TAMS 0x000000070f200000, 0x000000070f200000| Untracked 
| 122|0x000000070f400000, 0x000000070f600000, 0x000000070f600000|100%| O|  |TAMS 0x000000070f600000, 0x000000070f600000| Untracked 
| 123|0x000000070f600000, 0x000000070f800000, 0x000000070f800000|100%| O|  |TAMS 0x000000070f800000, 0x000000070f800000| Untracked 
| 124|0x000000070f800000, 0x000000070fa00000, 0x000000070fa00000|100%| O|  |TAMS 0x000000070fa00000, 0x000000070fa00000| Untracked 
| 125|0x000000070fa00000, 0x000000070fc00000, 0x000000070fc00000|100%| O|  |TAMS 0x000000070fc00000, 0x000000070fc00000| Untracked 
| 126|0x000000070fc00000, 0x000000070fe00000, 0x000000070fe00000|100%| O|  |TAMS 0x000000070fe00000, 0x000000070fe00000| Untracked 
| 127|0x000000070fe00000, 0x0000000710000000, 0x0000000710000000|100%| O|  |TAMS 0x0000000710000000, 0x0000000710000000| Untracked 
| 128|0x0000000710000000, 0x0000000710200000, 0x0000000710200000|100%| O|  |TAMS 0x0000000710200000, 0x0000000710200000| Untracked 
| 129|0x0000000710200000, 0x0000000710400000, 0x0000000710400000|100%| O|  |TAMS 0x0000000710400000, 0x0000000710400000| Untracked 
| 130|0x0000000710400000, 0x0000000710600000, 0x0000000710600000|100%| O|  |TAMS 0x0000000710600000, 0x0000000710600000| Untracked 
| 131|0x0000000710600000, 0x0000000710800000, 0x0000000710800000|100%| O|  |TAMS 0x0000000710800000, 0x0000000710800000| Untracked 
| 132|0x0000000710800000, 0x0000000710a00000, 0x0000000710a00000|100%| O|  |TAMS 0x0000000710a00000, 0x0000000710a00000| Untracked 
| 133|0x0000000710a00000, 0x0000000710c00000, 0x0000000710c00000|100%| O|  |TAMS 0x0000000710ba7200, 0x0000000710c00000| Untracked 
| 134|0x0000000710c00000, 0x0000000710c00000, 0x0000000710e00000|  0%| F|  |TAMS 0x0000000710c00000, 0x0000000710c00000| Untracked 
| 135|0x0000000710e00000, 0x0000000710e00000, 0x0000000711000000|  0%| F|  |TAMS 0x0000000710e00000, 0x0000000710e00000| Untracked 
| 136|0x0000000711000000, 0x0000000711000000, 0x0000000711200000|  0%| F|  |TAMS 0x0000000711000000, 0x0000000711000000| Untracked 
| 137|0x0000000711200000, 0x0000000711200000, 0x0000000711400000|  0%| F|  |TAMS 0x0000000711200000, 0x0000000711200000| Untracked 
| 138|0x0000000711400000, 0x0000000711400000, 0x0000000711600000|  0%| F|  |TAMS 0x0000000711400000, 0x0000000711400000| Untracked 
| 139|0x0000000711600000, 0x0000000711600000, 0x0000000711800000|  0%| F|  |TAMS 0x0000000711600000, 0x0000000711600000| Untracked 
| 140|0x0000000711800000, 0x0000000711800000, 0x0000000711a00000|  0%| F|  |TAMS 0x0000000711800000, 0x0000000711800000| Untracked 
| 141|0x0000000711a00000, 0x0000000711a00000, 0x0000000711c00000|  0%| F|  |TAMS 0x0000000711a00000, 0x0000000711a00000| Untracked 
| 142|0x0000000711c00000, 0x0000000711c00000, 0x0000000711e00000|  0%| F|  |TAMS 0x0000000711c00000, 0x0000000711c00000| Untracked 
| 143|0x0000000711e00000, 0x0000000711e00000, 0x0000000712000000|  0%| F|  |TAMS 0x0000000711e00000, 0x0000000711e00000| Untracked 
| 144|0x0000000712000000, 0x0000000712000000, 0x0000000712200000|  0%| F|  |TAMS 0x0000000712000000, 0x0000000712000000| Untracked 
| 145|0x0000000712200000, 0x0000000712200000, 0x0000000712400000|  0%| F|  |TAMS 0x0000000712200000, 0x0000000712200000| Untracked 
| 146|0x0000000712400000, 0x0000000712400000, 0x0000000712600000|  0%| F|  |TAMS 0x0000000712400000, 0x0000000712400000| Untracked 
| 147|0x0000000712600000, 0x0000000712600000, 0x0000000712800000|  0%| F|  |TAMS 0x0000000712600000, 0x0000000712600000| Untracked 
| 148|0x0000000712800000, 0x0000000712800000, 0x0000000712a00000|  0%| F|  |TAMS 0x0000000712800000, 0x0000000712800000| Untracked 
| 149|0x0000000712a00000, 0x0000000712a00000, 0x0000000712c00000|  0%| F|  |TAMS 0x0000000712a00000, 0x0000000712a00000| Untracked 
| 150|0x0000000712c00000, 0x0000000712c00000, 0x0000000712e00000|  0%| F|  |TAMS 0x0000000712c00000, 0x0000000712c00000| Untracked 
| 151|0x0000000712e00000, 0x0000000712e00000, 0x0000000713000000|  0%| F|  |TAMS 0x0000000712e00000, 0x0000000712e00000| Untracked 
| 152|0x0000000713000000, 0x0000000713000000, 0x0000000713200000|  0%| F|  |TAMS 0x0000000713000000, 0x0000000713000000| Untracked 
| 153|0x0000000713200000, 0x0000000713200000, 0x0000000713400000|  0%| F|  |TAMS 0x0000000713200000, 0x0000000713200000| Untracked 
| 154|0x0000000713400000, 0x0000000713400000, 0x0000000713600000|  0%| F|  |TAMS 0x0000000713400000, 0x0000000713400000| Untracked 
| 155|0x0000000713600000, 0x0000000713600000, 0x0000000713800000|  0%| F|  |TAMS 0x0000000713600000, 0x0000000713600000| Untracked 
| 156|0x0000000713800000, 0x0000000713800000, 0x0000000713a00000|  0%| F|  |TAMS 0x0000000713800000, 0x0000000713800000| Untracked 
| 157|0x0000000713a00000, 0x0000000713a00000, 0x0000000713c00000|  0%| F|  |TAMS 0x0000000713a00000, 0x0000000713a00000| Untracked 
| 158|0x0000000713c00000, 0x0000000713c00000, 0x0000000713e00000|  0%| F|  |TAMS 0x0000000713c00000, 0x0000000713c00000| Untracked 
| 159|0x0000000713e00000, 0x0000000713e00000, 0x0000000714000000|  0%| F|  |TAMS 0x0000000713e00000, 0x0000000713e00000| Untracked 
| 160|0x0000000714000000, 0x0000000714000000, 0x0000000714200000|  0%| F|  |TAMS 0x0000000714000000, 0x0000000714000000| Untracked 
| 161|0x0000000714200000, 0x0000000714200000, 0x0000000714400000|  0%| F|  |TAMS 0x0000000714200000, 0x0000000714200000| Untracked 
| 162|0x0000000714400000, 0x0000000714400000, 0x0000000714600000|  0%| F|  |TAMS 0x0000000714400000, 0x0000000714400000| Untracked 
| 163|0x0000000714600000, 0x0000000714600000, 0x0000000714800000|  0%| F|  |TAMS 0x0000000714600000, 0x0000000714600000| Untracked 
| 164|0x0000000714800000, 0x0000000714800000, 0x0000000714a00000|  0%| F|  |TAMS 0x0000000714800000, 0x0000000714800000| Untracked 
| 165|0x0000000714a00000, 0x0000000714a00000, 0x0000000714c00000|  0%| F|  |TAMS 0x0000000714a00000, 0x0000000714a00000| Untracked 
| 166|0x0000000714c00000, 0x0000000714c00000, 0x0000000714e00000|  0%| F|  |TAMS 0x0000000714c00000, 0x0000000714c00000| Untracked 
| 167|0x0000000714e00000, 0x0000000714e00000, 0x0000000715000000|  0%| F|  |TAMS 0x0000000714e00000, 0x0000000714e00000| Untracked 
| 168|0x0000000715000000, 0x0000000715000000, 0x0000000715200000|  0%| F|  |TAMS 0x0000000715000000, 0x0000000715000000| Untracked 
| 169|0x0000000715200000, 0x0000000715200000, 0x0000000715400000|  0%| F|  |TAMS 0x0000000715200000, 0x0000000715200000| Untracked 
| 170|0x0000000715400000, 0x0000000715400000, 0x0000000715600000|  0%| F|  |TAMS 0x0000000715400000, 0x0000000715400000| Untracked 
| 171|0x0000000715600000, 0x0000000715600000, 0x0000000715800000|  0%| F|  |TAMS 0x0000000715600000, 0x0000000715600000| Untracked 
| 172|0x0000000715800000, 0x0000000715800000, 0x0000000715a00000|  0%| F|  |TAMS 0x0000000715800000, 0x0000000715800000| Untracked 
| 173|0x0000000715a00000, 0x0000000715a00000, 0x0000000715c00000|  0%| F|  |TAMS 0x0000000715a00000, 0x0000000715a00000| Untracked 
| 174|0x0000000715c00000, 0x0000000715c00000, 0x0000000715e00000|  0%| F|  |TAMS 0x0000000715c00000, 0x0000000715c00000| Untracked 
| 175|0x0000000715e00000, 0x0000000715e00000, 0x0000000716000000|  0%| F|  |TAMS 0x0000000715e00000, 0x0000000715e00000| Untracked 
| 176|0x0000000716000000, 0x0000000716000000, 0x0000000716200000|  0%| F|  |TAMS 0x0000000716000000, 0x0000000716000000| Untracked 
| 177|0x0000000716200000, 0x0000000716200000, 0x0000000716400000|  0%| F|  |TAMS 0x0000000716200000, 0x0000000716200000| Untracked 
| 178|0x0000000716400000, 0x0000000716400000, 0x0000000716600000|  0%| F|  |TAMS 0x0000000716400000, 0x0000000716400000| Untracked 
| 179|0x0000000716600000, 0x0000000716600000, 0x0000000716800000|  0%| F|  |TAMS 0x0000000716600000, 0x0000000716600000| Untracked 
| 180|0x0000000716800000, 0x0000000716800000, 0x0000000716a00000|  0%| F|  |TAMS 0x0000000716800000, 0x0000000716800000| Untracked 
| 181|0x0000000716a00000, 0x0000000716a00000, 0x0000000716c00000|  0%| F|  |TAMS 0x0000000716a00000, 0x0000000716a00000| Untracked 
| 182|0x0000000716c00000, 0x0000000716c00000, 0x0000000716e00000|  0%| F|  |TAMS 0x0000000716c00000, 0x0000000716c00000| Untracked 
| 183|0x0000000716e00000, 0x0000000716e00000, 0x0000000717000000|  0%| F|  |TAMS 0x0000000716e00000, 0x0000000716e00000| Untracked 
| 184|0x0000000717000000, 0x0000000717000000, 0x0000000717200000|  0%| F|  |TAMS 0x0000000717000000, 0x0000000717000000| Untracked 
| 185|0x0000000717200000, 0x0000000717200000, 0x0000000717400000|  0%| F|  |TAMS 0x0000000717200000, 0x0000000717200000| Untracked 
| 186|0x0000000717400000, 0x0000000717400000, 0x0000000717600000|  0%| F|  |TAMS 0x0000000717400000, 0x0000000717400000| Untracked 
| 187|0x0000000717600000, 0x0000000717600000, 0x0000000717800000|  0%| F|  |TAMS 0x0000000717600000, 0x0000000717600000| Untracked 
| 188|0x0000000717800000, 0x0000000717800000, 0x0000000717a00000|  0%| F|  |TAMS 0x0000000717800000, 0x0000000717800000| Untracked 
| 189|0x0000000717a00000, 0x0000000717a00000, 0x0000000717c00000|  0%| F|  |TAMS 0x0000000717a00000, 0x0000000717a00000| Untracked 
| 190|0x0000000717c00000, 0x0000000717c00000, 0x0000000717e00000|  0%| F|  |TAMS 0x0000000717c00000, 0x0000000717c00000| Untracked 
| 191|0x0000000717e00000, 0x0000000717e00000, 0x0000000718000000|  0%| F|  |TAMS 0x0000000717e00000, 0x0000000717e00000| Untracked 
| 192|0x0000000718000000, 0x0000000718000000, 0x0000000718200000|  0%| F|  |TAMS 0x0000000718000000, 0x0000000718000000| Untracked 
| 193|0x0000000718200000, 0x0000000718200000, 0x0000000718400000|  0%| F|  |TAMS 0x0000000718200000, 0x0000000718200000| Untracked 
| 194|0x0000000718400000, 0x0000000718400000, 0x0000000718600000|  0%| F|  |TAMS 0x0000000718400000, 0x0000000718400000| Untracked 
| 195|0x0000000718600000, 0x0000000718600000, 0x0000000718800000|  0%| F|  |TAMS 0x0000000718600000, 0x0000000718600000| Untracked 
| 196|0x0000000718800000, 0x0000000718800000, 0x0000000718a00000|  0%| F|  |TAMS 0x0000000718800000, 0x0000000718800000| Untracked 
| 197|0x0000000718a00000, 0x0000000718a00000, 0x0000000718c00000|  0%| F|  |TAMS 0x0000000718a00000, 0x0000000718a00000| Untracked 
| 198|0x0000000718c00000, 0x0000000718c00000, 0x0000000718e00000|  0%| F|  |TAMS 0x0000000718c00000, 0x0000000718c00000| Untracked 
| 199|0x0000000718e00000, 0x0000000718e00000, 0x0000000719000000|  0%| F|  |TAMS 0x0000000718e00000, 0x0000000718e00000| Untracked 
| 200|0x0000000719000000, 0x0000000719000000, 0x0000000719200000|  0%| F|  |TAMS 0x0000000719000000, 0x0000000719000000| Untracked 
| 201|0x0000000719200000, 0x0000000719200000, 0x0000000719400000|  0%| F|  |TAMS 0x0000000719200000, 0x0000000719200000| Untracked 
| 202|0x0000000719400000, 0x0000000719400000, 0x0000000719600000|  0%| F|  |TAMS 0x0000000719400000, 0x0000000719400000| Untracked 
| 203|0x0000000719600000, 0x0000000719600000, 0x0000000719800000|  0%| F|  |TAMS 0x0000000719600000, 0x0000000719600000| Untracked 
| 204|0x0000000719800000, 0x0000000719800000, 0x0000000719a00000|  0%| F|  |TAMS 0x0000000719800000, 0x0000000719800000| Untracked 
| 205|0x0000000719a00000, 0x0000000719c00000, 0x0000000719c00000|100%| S|CS|TAMS 0x0000000719a00000, 0x0000000719a00000| Complete 
| 206|0x0000000719c00000, 0x0000000719e00000, 0x0000000719e00000|100%| S|CS|TAMS 0x0000000719c00000, 0x0000000719c00000| Complete 
| 207|0x0000000719e00000, 0x000000071a000000, 0x000000071a000000|100%| S|CS|TAMS 0x0000000719e00000, 0x0000000719e00000| Complete 
| 208|0x000000071a000000, 0x000000071a200000, 0x000000071a200000|100%| S|CS|TAMS 0x000000071a000000, 0x000000071a000000| Complete 
| 209|0x000000071a200000, 0x000000071a400000, 0x000000071a400000|100%| S|CS|TAMS 0x000000071a200000, 0x000000071a200000| Complete 
| 210|0x000000071a400000, 0x000000071a600000, 0x000000071a600000|100%| S|CS|TAMS 0x000000071a400000, 0x000000071a400000| Complete 
| 211|0x000000071a600000, 0x000000071a800000, 0x000000071a800000|100%| S|CS|TAMS 0x000000071a600000, 0x000000071a600000| Complete 
| 212|0x000000071a800000, 0x000000071aa00000, 0x000000071aa00000|100%| S|CS|TAMS 0x000000071a800000, 0x000000071a800000| Complete 
| 213|0x000000071aa00000, 0x000000071ac00000, 0x000000071ac00000|100%| S|CS|TAMS 0x000000071aa00000, 0x000000071aa00000| Complete 
| 214|0x000000071ac00000, 0x000000071ae00000, 0x000000071ae00000|100%| S|CS|TAMS 0x000000071ac00000, 0x000000071ac00000| Complete 
| 215|0x000000071ae00000, 0x000000071b000000, 0x000000071b000000|100%| S|CS|TAMS 0x000000071ae00000, 0x000000071ae00000| Complete 
| 216|0x000000071b000000, 0x000000071b200000, 0x000000071b200000|100%| S|CS|TAMS 0x000000071b000000, 0x000000071b000000| Complete 
| 217|0x000000071b200000, 0x000000071b200000, 0x000000071b400000|  0%| F|  |TAMS 0x000000071b200000, 0x000000071b200000| Untracked 
| 218|0x000000071b400000, 0x000000071b400000, 0x000000071b600000|  0%| F|  |TAMS 0x000000071b400000, 0x000000071b400000| Untracked 
| 219|0x000000071b600000, 0x000000071b600000, 0x000000071b800000|  0%| F|  |TAMS 0x000000071b600000, 0x000000071b600000| Untracked 
| 220|0x000000071b800000, 0x000000071b800000, 0x000000071ba00000|  0%| F|  |TAMS 0x000000071b800000, 0x000000071b800000| Untracked 
| 221|0x000000071ba00000, 0x000000071ba00000, 0x000000071bc00000|  0%| F|  |TAMS 0x000000071ba00000, 0x000000071ba00000| Untracked 
| 222|0x000000071bc00000, 0x000000071bc00000, 0x000000071be00000|  0%| F|  |TAMS 0x000000071bc00000, 0x000000071bc00000| Untracked 
| 223|0x000000071be00000, 0x000000071be00000, 0x000000071c000000|  0%| F|  |TAMS 0x000000071be00000, 0x000000071be00000| Untracked 
| 224|0x000000071c000000, 0x000000071c000000, 0x000000071c200000|  0%| F|  |TAMS 0x000000071c000000, 0x000000071c000000| Untracked 
| 225|0x000000071c200000, 0x000000071c200000, 0x000000071c400000|  0%| F|  |TAMS 0x000000071c200000, 0x000000071c200000| Untracked 
| 226|0x000000071c400000, 0x000000071c400000, 0x000000071c600000|  0%| F|  |TAMS 0x000000071c400000, 0x000000071c400000| Untracked 
| 227|0x000000071c600000, 0x000000071c600000, 0x000000071c800000|  0%| F|  |TAMS 0x000000071c600000, 0x000000071c600000| Untracked 
| 228|0x000000071c800000, 0x000000071c800000, 0x000000071ca00000|  0%| F|  |TAMS 0x000000071c800000, 0x000000071c800000| Untracked 
| 229|0x000000071ca00000, 0x000000071ca00000, 0x000000071cc00000|  0%| F|  |TAMS 0x000000071ca00000, 0x000000071ca00000| Untracked 
| 230|0x000000071cc00000, 0x000000071cc00000, 0x000000071ce00000|  0%| F|  |TAMS 0x000000071cc00000, 0x000000071cc00000| Untracked 
| 231|0x000000071ce00000, 0x000000071ce00000, 0x000000071d000000|  0%| F|  |TAMS 0x000000071ce00000, 0x000000071ce00000| Untracked 
| 232|0x000000071d000000, 0x000000071d000000, 0x000000071d200000|  0%| F|  |TAMS 0x000000071d000000, 0x000000071d000000| Untracked 
| 233|0x000000071d200000, 0x000000071d200000, 0x000000071d400000|  0%| F|  |TAMS 0x000000071d200000, 0x000000071d200000| Untracked 
| 234|0x000000071d400000, 0x000000071d400000, 0x000000071d600000|  0%| F|  |TAMS 0x000000071d400000, 0x000000071d400000| Untracked 
| 235|0x000000071d600000, 0x000000071d600000, 0x000000071d800000|  0%| F|  |TAMS 0x000000071d600000, 0x000000071d600000| Untracked 
| 236|0x000000071d800000, 0x000000071d800000, 0x000000071da00000|  0%| F|  |TAMS 0x000000071d800000, 0x000000071d800000| Untracked 
| 237|0x000000071da00000, 0x000000071da00000, 0x000000071dc00000|  0%| F|  |TAMS 0x000000071da00000, 0x000000071da00000| Untracked 
| 238|0x000000071dc00000, 0x000000071dc00000, 0x000000071de00000|  0%| F|  |TAMS 0x000000071dc00000, 0x000000071dc00000| Untracked 
| 239|0x000000071de00000, 0x000000071de00000, 0x000000071e000000|  0%| F|  |TAMS 0x000000071de00000, 0x000000071de00000| Untracked 
| 240|0x000000071e000000, 0x000000071e000000, 0x000000071e200000|  0%| F|  |TAMS 0x000000071e000000, 0x000000071e000000| Untracked 
| 241|0x000000071e200000, 0x000000071e200000, 0x000000071e400000|  0%| F|  |TAMS 0x000000071e200000, 0x000000071e200000| Untracked 
| 242|0x000000071e400000, 0x000000071e400000, 0x000000071e600000|  0%| F|  |TAMS 0x000000071e400000, 0x000000071e400000| Untracked 
| 243|0x000000071e600000, 0x000000071e600000, 0x000000071e800000|  0%| F|  |TAMS 0x000000071e600000, 0x000000071e600000| Untracked 
| 244|0x000000071e800000, 0x000000071e800000, 0x000000071ea00000|  0%| F|  |TAMS 0x000000071e800000, 0x000000071e800000| Untracked 
| 245|0x000000071ea00000, 0x000000071ea00000, 0x000000071ec00000|  0%| F|  |TAMS 0x000000071ea00000, 0x000000071ea00000| Untracked 
| 246|0x000000071ec00000, 0x000000071ec00000, 0x000000071ee00000|  0%| F|  |TAMS 0x000000071ec00000, 0x000000071ec00000| Untracked 
| 247|0x000000071ee00000, 0x000000071ee00000, 0x000000071f000000|  0%| F|  |TAMS 0x000000071ee00000, 0x000000071ee00000| Untracked 
| 248|0x000000071f000000, 0x000000071f000000, 0x000000071f200000|  0%| F|  |TAMS 0x000000071f000000, 0x000000071f000000| Untracked 
| 249|0x000000071f200000, 0x000000071f200000, 0x000000071f400000|  0%| F|  |TAMS 0x000000071f200000, 0x000000071f200000| Untracked 
| 250|0x000000071f400000, 0x000000071f400000, 0x000000071f600000|  0%| F|  |TAMS 0x000000071f400000, 0x000000071f400000| Untracked 
| 718|0x0000000759c00000, 0x0000000759c00000, 0x0000000759e00000|  0%| F|  |TAMS 0x0000000759c00000, 0x0000000759c00000| Untracked 
| 719|0x0000000759e00000, 0x0000000759e00000, 0x000000075a000000|  0%| F|  |TAMS 0x0000000759e00000, 0x0000000759e00000| Untracked 
| 720|0x000000075a000000, 0x000000075a000000, 0x000000075a200000|  0%| F|  |TAMS 0x000000075a000000, 0x000000075a000000| Untracked 
| 721|0x000000075a200000, 0x000000075a200000, 0x000000075a400000|  0%| F|  |TAMS 0x000000075a200000, 0x000000075a200000| Untracked 
| 722|0x000000075a400000, 0x000000075a400000, 0x000000075a600000|  0%| F|  |TAMS 0x000000075a400000, 0x000000075a400000| Untracked 
| 723|0x000000075a600000, 0x000000075a600000, 0x000000075a800000|  0%| F|  |TAMS 0x000000075a600000, 0x000000075a600000| Untracked 
| 724|0x000000075a800000, 0x000000075a800000, 0x000000075aa00000|  0%| F|  |TAMS 0x000000075a800000, 0x000000075a800000| Untracked 
| 725|0x000000075aa00000, 0x000000075aa00000, 0x000000075ac00000|  0%| F|  |TAMS 0x000000075aa00000, 0x000000075aa00000| Untracked 
| 726|0x000000075ac00000, 0x000000075ac00000, 0x000000075ae00000|  0%| F|  |TAMS 0x000000075ac00000, 0x000000075ac00000| Untracked 
| 727|0x000000075ae00000, 0x000000075ae00000, 0x000000075b000000|  0%| F|  |TAMS 0x000000075ae00000, 0x000000075ae00000| Untracked 
| 728|0x000000075b000000, 0x000000075b000000, 0x000000075b200000|  0%| F|  |TAMS 0x000000075b000000, 0x000000075b000000| Untracked 
| 729|0x000000075b200000, 0x000000075b200000, 0x000000075b400000|  0%| F|  |TAMS 0x000000075b200000, 0x000000075b200000| Untracked 
| 730|0x000000075b400000, 0x000000075b400000, 0x000000075b600000|  0%| F|  |TAMS 0x000000075b400000, 0x000000075b400000| Untracked 
| 731|0x000000075b600000, 0x000000075b600000, 0x000000075b800000|  0%| F|  |TAMS 0x000000075b600000, 0x000000075b600000| Untracked 
| 732|0x000000075b800000, 0x000000075b800000, 0x000000075ba00000|  0%| F|  |TAMS 0x000000075b800000, 0x000000075b800000| Untracked 
| 784|0x0000000762000000, 0x0000000762000000, 0x0000000762200000|  0%| F|  |TAMS 0x0000000762000000, 0x0000000762000000| Untracked 
| 785|0x0000000762200000, 0x0000000762200000, 0x0000000762400000|  0%| F|  |TAMS 0x0000000762200000, 0x0000000762200000| Untracked 
| 834|0x0000000768400000, 0x0000000768400000, 0x0000000768600000|  0%| F|  |TAMS 0x0000000768400000, 0x0000000768400000| Untracked 
| 835|0x0000000768600000, 0x0000000768600000, 0x0000000768800000|  0%| F|  |TAMS 0x0000000768600000, 0x0000000768600000| Untracked 
|1292|0x00000007a1800000, 0x00000007a1800000, 0x00000007a1a00000|  0%| F|  |TAMS 0x00000007a1800000, 0x00000007a1800000| Untracked 
|1293|0x00000007a1a00000, 0x00000007a1a00000, 0x00000007a1c00000|  0%| F|  |TAMS 0x00000007a1a00000, 0x00000007a1a00000| Untracked 
|1294|0x00000007a1c00000, 0x00000007a1c00000, 0x00000007a1e00000|  0%| F|  |TAMS 0x00000007a1c00000, 0x00000007a1c00000| Untracked 
|1295|0x00000007a1e00000, 0x00000007a1e00000, 0x00000007a2000000|  0%| F|  |TAMS 0x00000007a1e00000, 0x00000007a1e00000| Untracked 

Card table byte_map: [0x0000019e20870000,0x0000019e21070000] _byte_map_base: 0x0000019e1d070000

Marking Bits (Prev, Next): (CMBitMap*) 0x0000019e191383c0, (CMBitMap*) 0x0000019e19138380
 Prev Bits: [0x0000019e25870000, 0x0000019e29870000)
 Next Bits: [0x0000019e21870000, 0x0000019e25870000)

Polling page: 0x0000019e179a0000

Metaspace:

Usage:
  Non-class:     54.35 MB used.
      Class:      8.47 MB used.
       Both:     62.82 MB used.

Virtual space:
  Non-class space:       64.00 MB reserved,      54.69 MB ( 85%) committed,  1 nodes.
      Class space:        1.00 GB reserved,       8.81 MB ( <1%) committed,  1 nodes.
             Both:        1.06 GB reserved,      63.50 MB (  6%) committed. 

Chunk freelists:
   Non-Class:  8.71 MB
       Class:  7.21 MB
        Both:  15.92 MB

MaxMetaspaceSize: unlimited
CompressedClassSpaceSize: 1.00 GB
Initial GC threshold: 21.00 MB
Current GC threshold: 105.88 MB
CDS: off
MetaspaceReclaimPolicy: balanced
 - commit_granule_bytes: 65536.
 - commit_granule_words: 8192.
 - virtual_space_node_default_size: 8388608.
 - enlarge_chunks_in_place: 1.
 - new_chunks_are_fully_committed: 0.
 - uncommit_free_chunks: 1.
 - use_allocation_guard: 0.
 - handle_deallocations: 1.


Internal statistics:

num_allocs_failed_limit: 11.
num_arena_births: 798.
num_arena_deaths: 238.
num_vsnodes_births: 2.
num_vsnodes_deaths: 0.
num_space_committed: 1017.
num_space_uncommitted: 1.
num_chunks_returned_to_freelist: 328.
num_chunks_taken_from_freelist: 2971.
num_chunk_merges: 119.
num_chunk_splits: 1967.
num_chunks_enlarged: 1453.
num_inconsistent_stats: 0.

CodeCache: size=49152Kb used=15553Kb max_used=16434Kb free=33598Kb
 bounds [0x0000019e1c7e0000, 0x0000019e1d870000, 0x0000019e1f7e0000]
 total_blobs=9629 nmethods=9004 adapters=551
 compilation: enabled
              stopped_count=0, restarted_count=0
 full_count=0

Compilation events (20 events):
Event: 6543.900 Thread 0x0000019e2c4fabb0 9010       1       org.apache.catalina.mapper.Mapper::internalMapWrapper (939 bytes)
Event: 6543.911 Thread 0x0000019e2c4fabb0 nmethod 9010 0x0000019e1d6f9d10 code [0x0000019e1d6fa080, 0x0000019e1d6fbb98]
Event: 6543.911 Thread 0x0000019e2c4fabb0 9011       1       org.apache.catalina.util.SessionConfig::getConfiguredSessionCookieName (58 bytes)
Event: 6543.912 Thread 0x0000019e2c4fabb0 nmethod 9011 0x0000019e1d6f9690 code [0x0000019e1d6f9860, 0x0000019e1d6f9ad8]
Event: 6543.912 Thread 0x0000019e2c4fabb0 9012       1       org.apache.catalina.connector.CoyoteAdapter::parseSessionCookiesId (207 bytes)
Event: 6543.916 Thread 0x0000019e2c4fabb0 nmethod 9012 0x0000019e1d6f8390 code [0x0000019e1d6f86a0, 0x0000019e1d6f9008]
Event: 6543.916 Thread 0x0000019e2c4fabb0 9013       1       org.apache.catalina.connector.Request$2::set (6 bytes)
Event: 6543.916 Thread 0x0000019e2c4fabb0 nmethod 9013 0x0000019e1d6f8010 code [0x0000019e1d6f81a0, 0x0000019e1d6f82b8]
Event: 6543.916 Thread 0x0000019e2c4fabb0 9015       1       org.springframework.web.multipart.support.StandardServletMultipartResolver::isMultipart (24 bytes)
Event: 6543.917 Thread 0x0000019e2c4fabb0 nmethod 9015 0x0000019e1d6f7c90 code [0x0000019e1d6f7e40, 0x0000019e1d6f7f78]
Event: 6543.917 Thread 0x0000019e2c4fabb0 9016       1       org.hibernate.loader.Loader::getLimitHandler (29 bytes)
Event: 6543.918 Thread 0x0000019e2c4fabb0 nmethod 9016 0x0000019e1d6f7610 code [0x0000019e1d6f77c0, 0x0000019e1d6f7a38]
Event: 6543.918 Thread 0x0000019e2c4fabb0 9017       1       org.hibernate.dialect.Dialect::addSqlHintOrComment (52 bytes)
Event: 6543.919 Thread 0x0000019e2c4fabb0 nmethod 9017 0x0000019e1d6f6e10 code [0x0000019e1d6f7020, 0x0000019e1d6f7398]
Event: 6545.160 Thread 0x0000019e2c4fabb0 9018       1       java.io.ObjectInputFilter$Config$BuiltinFilterFactory::apply (19 bytes)
Event: 6545.160 Thread 0x0000019e2c4fabb0 nmethod 9018 0x0000019e1d6f6690 code [0x0000019e1d6f6860, 0x0000019e1d6f6c18]
Event: 6545.678 Thread 0x0000019e2c4fabb0 9019       1       org.springframework.core.annotation.AnnotationTypeMapping::processAliases (199 bytes)
Event: 6545.680 Thread 0x0000019e2c4fabb0 nmethod 9019 0x0000019e1d6f5b10 code [0x0000019e1d6f5d20, 0x0000019e1d6f6218]
Event: 6545.680 Thread 0x0000019e2c4fabb0 9020       1       org.springframework.core.annotation.AnnotationTypeMapping::getFirstRootAttributeIndex (42 bytes)
Event: 6545.681 Thread 0x0000019e2c4fabb0 nmethod 9020 0x0000019e1d6f5690 code [0x0000019e1d6f5840, 0x0000019e1d6f59e8]

GC Heap History (20 events):
Event: 5330.484 GC heap after
{Heap after GC invocations=157 (full 0):
 garbage-first heap   total 593920K, used 174877K [0x0000000700000000, 0x0000000800000000)
  region size 2048K, 3 young (6144K), 3 survivors (6144K)
 Metaspace       used 64303K, committed 65024K, reserved 1114112K
  class space    used 8664K, committed 9024K, reserved 1048576K
}
Event: 5331.455 GC heap before
{Heap before GC invocations=157 (full 0):
 garbage-first heap   total 593920K, used 344861K [0x0000000700000000, 0x0000000800000000)
  region size 2048K, 87 young (178176K), 3 survivors (6144K)
 Metaspace       used 64303K, committed 65024K, reserved 1114112K
  class space    used 8664K, committed 9024K, reserved 1048576K
}
Event: 5331.496 GC heap after
{Heap after GC invocations=158 (full 0):
 garbage-first heap   total 593920K, used 215697K [0x0000000700000000, 0x0000000800000000)
  region size 2048K, 14 young (28672K), 14 survivors (28672K)
 Metaspace       used 64303K, committed 65024K, reserved 1114112K
  class space    used 8664K, committed 9024K, reserved 1048576K
}
Event: 5333.186 GC heap before
{Heap before GC invocations=159 (full 0):
 garbage-first heap   total 540672K, used 346970K [0x0000000700000000, 0x0000000800000000)
  region size 2048K, 111 young (227328K), 14 survivors (28672K)
 Metaspace       used 64303K, committed 65024K, reserved 1114112K
  class space    used 8664K, committed 9024K, reserved 1048576K
}
Event: 5333.261 GC heap after
{Heap after GC invocations=160 (full 0):
 garbage-first heap   total 540672K, used 197957K [0x0000000700000000, 0x0000000800000000)
  region size 2048K, 14 young (28672K), 14 survivors (28672K)
 Metaspace       used 64303K, committed 65024K, reserved 1114112K
  class space    used 8664K, committed 9024K, reserved 1048576K
}
Event: 5333.280 GC heap before
{Heap before GC invocations=160 (full 0):
 garbage-first heap   total 540672K, used 200005K [0x0000000700000000, 0x0000000800000000)
  region size 2048K, 15 young (30720K), 14 survivors (28672K)
 Metaspace       used 64303K, committed 65024K, reserved 1114112K
  class space    used 8664K, committed 9024K, reserved 1048576K
}
Event: 5333.336 GC heap after
{Heap after GC invocations=161 (full 0):
 garbage-first heap   total 1622016K, used 184817K [0x0000000700000000, 0x0000000800000000)
  region size 2048K, 1 young (2048K), 1 survivors (2048K)
 Metaspace       used 64303K, committed 65024K, reserved 1114112K
  class space    used 8664K, committed 9024K, reserved 1048576K
}
Event: 5334.195 GC heap before
{Heap before GC invocations=161 (full 0):
 garbage-first heap   total 1622016K, used 301553K [0x0000000700000000, 0x0000000800000000)
  region size 2048K, 59 young (120832K), 1 survivors (2048K)
 Metaspace       used 64303K, committed 65024K, reserved 1114112K
  class space    used 8664K, committed 9024K, reserved 1048576K
}
Event: 5334.228 GC heap after
{Heap after GC invocations=162 (full 0):
 garbage-first heap   total 1622016K, used 214607K [0x0000000700000000, 0x0000000800000000)
  region size 2048K, 15 young (30720K), 15 survivors (30720K)
 Metaspace       used 64303K, committed 65024K, reserved 1114112K
  class space    used 8664K, committed 9024K, reserved 1048576K
}
Event: 6541.430 GC heap before
{Heap before GC invocations=163 (full 0):
 garbage-first heap   total 561152K, used 443124K [0x0000000700000000, 0x0000000800000000)
  region size 2048K, 159 young (325632K), 15 survivors (30720K)
 Metaspace       used 64318K, committed 65024K, reserved 1114112K
  class space    used 8667K, committed 9024K, reserved 1048576K
}
Event: 6541.725 GC heap after
{Heap after GC invocations=164 (full 0):
 garbage-first heap   total 561152K, used 196748K [0x0000000700000000, 0x0000000800000000)
  region size 2048K, 38 young (77824K), 38 survivors (77824K)
 Metaspace       used 64318K, committed 65024K, reserved 1114112K
  class space    used 8667K, committed 9024K, reserved 1048576K
}
Event: 6541.737 GC heap before
{Heap before GC invocations=164 (full 0):
 garbage-first heap   total 561152K, used 198796K [0x0000000700000000, 0x0000000800000000)
  region size 2048K, 39 young (79872K), 38 survivors (77824K)
 Metaspace       used 64318K, committed 65024K, reserved 1114112K
  class space    used 8667K, committed 9024K, reserved 1048576K
}
Event: 6541.843 GC heap after
{Heap after GC invocations=165 (full 0):
 garbage-first heap   total 561152K, used 177820K [0x0000000700000000, 0x0000000800000000)
  region size 2048K, 2 young (4096K), 2 survivors (4096K)
 Metaspace       used 64318K, committed 65024K, reserved 1114112K
  class space    used 8667K, committed 9024K, reserved 1048576K
}
Event: 6542.915 GC heap before
{Heap before GC invocations=165 (full 0):
 garbage-first heap   total 561152K, used 304796K [0x0000000700000000, 0x0000000800000000)
  region size 2048K, 65 young (133120K), 2 survivors (4096K)
 Metaspace       used 64318K, committed 65024K, reserved 1114112K
  class space    used 8667K, committed 9024K, reserved 1048576K
}
Event: 6542.965 GC heap after
{Heap after GC invocations=166 (full 0):
 garbage-first heap   total 561152K, used 209920K [0x0000000700000000, 0x0000000800000000)
  region size 2048K, 13 young (26624K), 13 survivors (26624K)
 Metaspace       used 64318K, committed 65024K, reserved 1114112K
  class space    used 8667K, committed 9024K, reserved 1048576K
}
Event: 6544.987 GC heap before
{Heap before GC invocations=167 (full 0):
 garbage-first heap   total 561152K, used 347136K [0x0000000700000000, 0x0000000800000000)
  region size 2048K, 103 young (210944K), 13 survivors (26624K)
 Metaspace       used 64304K, committed 65024K, reserved 1114112K
  class space    used 8665K, committed 9024K, reserved 1048576K
}
Event: 6545.072 GC heap after
{Heap after GC invocations=168 (full 0):
 garbage-first heap   total 561152K, used 216441K [0x0000000700000000, 0x0000000800000000)
  region size 2048K, 13 young (26624K), 13 survivors (26624K)
 Metaspace       used 64304K, committed 65024K, reserved 1114112K
  class space    used 8665K, committed 9024K, reserved 1048576K
}
Event: 6545.085 GC heap before
{Heap before GC invocations=168 (full 0):
 garbage-first heap   total 561152K, used 218489K [0x0000000700000000, 0x0000000800000000)
  region size 2048K, 14 young (28672K), 13 survivors (26624K)
 Metaspace       used 64304K, committed 65024K, reserved 1114112K
  class space    used 8665K, committed 9024K, reserved 1048576K
}
Event: 6545.154 GC heap after
{Heap after GC invocations=169 (full 0):
 garbage-first heap   total 561152K, used 190338K [0x0000000700000000, 0x0000000800000000)
  region size 2048K, 1 young (2048K), 1 survivors (2048K)
 Metaspace       used 64304K, committed 65024K, reserved 1114112K
  class space    used 8665K, committed 9024K, reserved 1048576K
}
Event: 6545.816 GC heap before
{Heap before GC invocations=169 (full 0):
 garbage-first heap   total 561152K, used 302978K [0x0000000700000000, 0x0000000800000000)
  region size 2048K, 57 young (116736K), 1 survivors (2048K)
 Metaspace       used 64327K, committed 65024K, reserved 1114112K
  class space    used 8669K, committed 9024K, reserved 1048576K
}

Dll operation events (9 events):
Event: 0.036 Loaded shared library C:\Users\srodriguezg\OneDrive - Truper, S.A. de C.V\Escritorio\WEB\sts-4.19.0.RELEASE\plugins\org.eclipse.justj.openjdk.hotspot.jre.full.win32.x86_64_17.0.7.v20230425-1502\jre\bin\java.dll
Event: 0.461 Loaded shared library C:\Users\srodriguezg\OneDrive - Truper, S.A. de C.V\Escritorio\WEB\sts-4.19.0.RELEASE\plugins\org.eclipse.justj.openjdk.hotspot.jre.full.win32.x86_64_17.0.7.v20230425-1502\jre\bin\jimage.dll
Event: 0.491 Loaded shared library C:\Users\srodriguezg\OneDrive - Truper, S.A. de C.V\Escritorio\WEB\sts-4.19.0.RELEASE\plugins\org.eclipse.justj.openjdk.hotspot.jre.full.win32.x86_64_17.0.7.v20230425-1502\jre\bin\net.dll
Event: 0.502 Loaded shared library C:\Users\srodriguezg\OneDrive - Truper, S.A. de C.V\Escritorio\WEB\sts-4.19.0.RELEASE\plugins\org.eclipse.justj.openjdk.hotspot.jre.full.win32.x86_64_17.0.7.v20230425-1502\jre\bin\nio.dll
Event: 0.518 Loaded shared library C:\Users\srodriguezg\OneDrive - Truper, S.A. de C.V\Escritorio\WEB\sts-4.19.0.RELEASE\plugins\org.eclipse.justj.openjdk.hotspot.jre.full.win32.x86_64_17.0.7.v20230425-1502\jre\bin\zip.dll
Event: 0.677 Loaded shared library C:\Users\srodriguezg\OneDrive - Truper, S.A. de C.V\Escritorio\WEB\sts-4.19.0.RELEASE\plugins\org.eclipse.justj.openjdk.hotspot.jre.full.win32.x86_64_17.0.7.v20230425-1502\jre\bin\management.dll
Event: 0.727 Loaded shared library C:\Users\srodriguezg\OneDrive - Truper, S.A. de C.V\Escritorio\WEB\sts-4.19.0.RELEASE\plugins\org.eclipse.justj.openjdk.hotspot.jre.full.win32.x86_64_17.0.7.v20230425-1502\jre\bin\management_ext.dll
Event: 1.308 Loaded shared library C:\Users\srodriguezg\OneDrive - Truper, S.A. de C.V\Escritorio\WEB\sts-4.19.0.RELEASE\plugins\org.eclipse.justj.openjdk.hotspot.jre.full.win32.x86_64_17.0.7.v20230425-1502\jre\bin\verify.dll
Event: 5.356 Loaded shared library C:\Users\srodriguezg\OneDrive - Truper, S.A. de C.V\Escritorio\WEB\sts-4.19.0.RELEASE\plugins\org.eclipse.justj.openjdk.hotspot.jre.full.win32.x86_64_17.0.7.v20230425-1502\jre\bin\sunmscapi.dll

Deoptimization events (18 events):
Event: 2.822 Thread 0x0000019e190ccad0 DEOPT PACKING pc=0x0000019e1cd906f9 sp=0x00000096ee9fd1a0
Event: 2.822 Thread 0x0000019e190ccad0 DEOPT UNPACKING pc=0x0000019e1c83ace3 sp=0x00000096ee9fc680 mode 3
Event: 4.274 Thread 0x0000019e190ccad0 DEOPT PACKING pc=0x0000019e1cdca054 sp=0x00000096ee9fd5f0
Event: 4.274 Thread 0x0000019e190ccad0 DEOPT UNPACKING pc=0x0000019e1c83ace3 sp=0x00000096ee9fcb48 mode 0
Event: 5.528 Thread 0x0000019e190ccad0 DEOPT PACKING pc=0x0000019e1d0172a5 sp=0x00000096ee9fc370
Event: 5.528 Thread 0x0000019e190ccad0 DEOPT UNPACKING pc=0x0000019e1c83ace3 sp=0x00000096ee9fb8d8 mode 3
Event: 7.482 Thread 0x0000019e190ccad0 DEOPT PACKING pc=0x0000019e1d117df4 sp=0x00000096ee9fbaf0
Event: 7.482 Thread 0x0000019e190ccad0 DEOPT UNPACKING pc=0x0000019e1c83ace3 sp=0x00000096ee9faf78 mode 0
Event: 9.441 Thread 0x0000019e190ccad0 DEOPT PACKING pc=0x0000019e1cda4cd2 sp=0x00000096ee9fdbf0
Event: 9.441 Thread 0x0000019e190ccad0 DEOPT UNPACKING pc=0x0000019e1c83ace3 sp=0x00000096ee9fd0f8 mode 3
Event: 105.643 Thread 0x0000019e32340220 DEOPT PACKING pc=0x0000019e1d46984b sp=0x00000096f19fcb50
Event: 105.643 Thread 0x0000019e32340220 DEOPT UNPACKING pc=0x0000019e1c83ace3 sp=0x00000096f19fc058 mode 3
Event: 105.733 Thread 0x0000019e3233e070 DEOPT PACKING pc=0x0000019e1d4b057b sp=0x00000096f18fcaf0
Event: 105.733 Thread 0x0000019e3233e070 DEOPT UNPACKING pc=0x0000019e1c83ace3 sp=0x00000096f18fc000 mode 3
Event: 108.872 Thread 0x0000019e32c37c70 DEOPT PACKING pc=0x0000019e1c9fa41c sp=0x00000096f1dfd3f0
Event: 108.872 Thread 0x0000019e32c37c70 DEOPT UNPACKING pc=0x0000019e1c83ace3 sp=0x00000096f1dfc910 mode 0
Event: 108.877 Thread 0x0000019e3233f3b0 DEOPT PACKING pc=0x0000019e1c9fa41c sp=0x00000096f1afd670
Event: 108.877 Thread 0x0000019e3233f3b0 DEOPT UNPACKING pc=0x0000019e1c83ace3 sp=0x00000096f1afcb90 mode 0

Classes unloaded (20 events):
Event: 3183.602 Thread 0x0000019e2c4a91d0 Unloading class 0x00000008000c3800 'java/lang/invoke/LambdaForm$MH+0x00000008000c3800'
Event: 3183.602 Thread 0x0000019e2c4a91d0 Unloading class 0x00000008000c3000 'java/lang/invoke/LambdaForm$MH+0x00000008000c3000'
Event: 3183.602 Thread 0x0000019e2c4a91d0 Unloading class 0x00000008000c2400 'java/lang/invoke/LambdaForm$MH+0x00000008000c2400'
Event: 3183.602 Thread 0x0000019e2c4a91d0 Unloading class 0x00000008000c1c00 'java/lang/invoke/LambdaForm$MH+0x00000008000c1c00'
Event: 3183.602 Thread 0x0000019e2c4a91d0 Unloading class 0x00000008000c1400 'java/lang/invoke/LambdaForm$MH+0x00000008000c1400'
Event: 3183.602 Thread 0x0000019e2c4a91d0 Unloading class 0x00000008000c0c00 'java/lang/invoke/LambdaForm$MH+0x00000008000c0c00'
Event: 4124.173 Thread 0x0000019e2c4a91d0 Unloading class 0x000000080080bc00 'jdk/internal/reflect/GeneratedSerializationConstructorAccessor22'
Event: 4124.174 Thread 0x0000019e2c4a91d0 Unloading class 0x0000000800190c00 'jdk/internal/reflect/GeneratedSerializationConstructorAccessor9'
Event: 4124.174 Thread 0x0000019e2c4a91d0 Unloading class 0x0000000800188800 'jdk/internal/reflect/GeneratedSerializationConstructorAccessor7'
Event: 4124.174 Thread 0x0000019e2c4a91d0 Unloading class 0x0000000800188400 'jdk/internal/reflect/GeneratedSerializationConstructorAccessor6'
Event: 4124.174 Thread 0x0000019e2c4a91d0 Unloading class 0x0000000800188000 'jdk/internal/reflect/GeneratedSerializationConstructorAccessor5'
Event: 5316.097 Thread 0x0000019e2c4a91d0 Unloading class 0x00000008006bc000 'jdk/internal/reflect/GeneratedSerializationConstructorAccessor26'
Event: 5316.098 Thread 0x0000019e2c4a91d0 Unloading class 0x0000000800771000 'jdk/internal/reflect/GeneratedSerializationConstructorAccessor25'
Event: 5316.098 Thread 0x0000019e2c4a91d0 Unloading class 0x0000000800771800 'jdk/internal/reflect/GeneratedSerializationConstructorAccessor24'
Event: 5316.098 Thread 0x0000019e2c4a91d0 Unloading class 0x000000080080bc00 'jdk/internal/reflect/GeneratedSerializationConstructorAccessor23'
Event: 5316.099 Thread 0x0000019e2c4a91d0 Unloading class 0x0000000800758800 'jdk/internal/reflect/GeneratedMethodAccessor21'
Event: 6543.301 Thread 0x0000019e2c4a91d0 Unloading class 0x000000080080bc00 'jdk/internal/reflect/GeneratedSerializationConstructorAccessor30'
Event: 6543.301 Thread 0x0000019e2c4a91d0 Unloading class 0x0000000800771800 'jdk/internal/reflect/GeneratedSerializationConstructorAccessor29'
Event: 6543.301 Thread 0x0000019e2c4a91d0 Unloading class 0x0000000800771000 'jdk/internal/reflect/GeneratedSerializationConstructorAccessor28'
Event: 6543.302 Thread 0x0000019e2c4a91d0 Unloading class 0x00000008006bc000 'jdk/internal/reflect/GeneratedSerializationConstructorAccessor27'

Classes redefined (0 events):
No events

Internal exceptions (20 events):
Event: 9.682 Thread 0x0000019e190ccad0 Exception <a 'java/lang/NoSuchMethodError'{0x00000007142e2340}: 'void java.lang.invoke.DirectMethodHandle$Holder.invokeVirtual(java.lang.Object, java.lang.Object, long)'> (0x00000007142e2340) 
thrown [s\src\hotspot\share\interpreter\linkResolver.cpp, line 759]
Event: 9.999 Thread 0x0000019e190ccad0 Exception <a 'java/lang/IncompatibleClassChangeError'{0x0000000713a17168}: Found class java.lang.Object, but interface was expected> (0x0000000713a17168) 
thrown [s\src\hotspot\share\interpreter\linkResolver.cpp, line 826]
Event: 10.042 Thread 0x0000019e190ccad0 Exception <a 'java/lang/NoSuchMethodError'{0x0000000713bb3b30}: 'int java.lang.invoke.DirectMethodHandle$Holder.invokeStaticInit(java.lang.Object, java.lang.Object, java.lang.Object, java.lang.Object)'> (0x0000000713bb3b30) 
thrown [s\src\hotspot\share\interpreter\linkResolver.cpp, line 759]
Event: 10.239 Thread 0x0000019e190ccad0 Exception <a 'java/lang/NoSuchMethodError'{0x00000007135ad428}: 'java.lang.Object java.lang.invoke.DirectMethodHandle$Holder.invokeSpecial(java.lang.Object, java.lang.Object, int, java.lang.Object, int, java.lang.Object)'> (0x00000007135ad428) 
thrown [s\src\hotspot\share\interpreter\linkResolver.cpp, line 759]
Event: 10.240 Thread 0x0000019e190ccad0 Exception <a 'java/lang/NoSuchMethodError'{0x00000007135b5228}: 'java.lang.Object java.lang.invoke.DirectMethodHandle$Holder.newInvokeSpecial(java.lang.Object, java.lang.Object, int, java.lang.Object, int)'> (0x00000007135b5228) 
thrown [s\src\hotspot\share\interpreter\linkResolver.cpp, line 759]
Event: 10.240 Thread 0x0000019e190ccad0 Exception <a 'java/lang/NoSuchMethodError'{0x00000007135b9328}: 'java.lang.Object java.lang.invoke.DirectMethodHandle$Holder.invokeSpecial(java.lang.Object, java.lang.Object, java.lang.Object, int, java.lang.Object, int)'> (0x00000007135b9328) 
thrown [s\src\hotspot\share\interpreter\linkResolver.cpp, line 759]
Event: 10.243 Thread 0x0000019e190ccad0 Exception <a 'java/lang/NoSuchMethodError'{0x00000007135c36d8}: 'void java.lang.invoke.DirectMethodHandle$Holder.invokeVirtual(java.lang.Object, java.lang.Object)'> (0x00000007135c36d8) 
thrown [s\src\hotspot\share\interpreter\linkResolver.cpp, line 759]
Event: 105.497 Thread 0x0000019e3233f3b0 Exception <a 'java/lang/NoSuchMethodError'{0x000000071f5c8a30}: 'java.lang.Object java.lang.invoke.DirectMethodHandle$Holder.invokeInterface(java.lang.Object, java.lang.Object, java.lang.Object, java.lang.Object)'> (0x000000071f5c8a30) 
thrown [s\src\hotspot\share\interpreter\linkResolver.cpp, line 759]
Event: 105.497 Thread 0x0000019e3233eee0 Exception <a 'java/lang/NoSuchMethodError'{0x000000071f4ef260}: 'java.lang.Object java.lang.invoke.DirectMethodHandle$Holder.invokeInterface(java.lang.Object, java.lang.Object, java.lang.Object, java.lang.Object)'> (0x000000071f4ef260) 
thrown [s\src\hotspot\share\interpreter\linkResolver.cpp, line 759]
Event: 105.497 Thread 0x0000019e3233fd50 Exception <a 'java/lang/NoSuchMethodError'{0x000000071f7b0be0}: 'java.lang.Object java.lang.invoke.DirectMethodHandle$Holder.invokeInterface(java.lang.Object, java.lang.Object, java.lang.Object, java.lang.Object)'> (0x000000071f7b0be0) 
thrown [s\src\hotspot\share\interpreter\linkResolver.cpp, line 759]
Event: 105.544 Thread 0x0000019e3233fd50 Exception <a 'java/lang/NoSuchMethodError'{0x000000071f11d1e0}: 'java.lang.Object java.lang.invoke.DirectMethodHandle$Holder.invokeStaticInit(java.lang.Object, java.lang.Object, java.lang.Object, java.lang.Object, java.lang.Object, java.lang.Object)'> (0x000000071f11d1e0) 
thrown [s\src\hotspot\share\interpreter\linkResolver.cpp, line 759]
Event: 105.618 Thread 0x0000019e32340220 Exception <a 'java/lang/ClassNotFoundException'{0x000000071deb1300}: com/back/cd/back/cd/Modelo/Repositorio/ContactosSocCustomizer> (0x000000071deb1300) 
thrown [s\src\hotspot\share\classfile\systemDictionary.cpp, line 256]
Event: 105.714 Thread 0x0000019e3233e070 Exception <a 'java/lang/ClassNotFoundException'{0x000000071c8f1e98}: com/back/cd/back/cd/Modelo/Repositorio/Soc_ProveedorCustomizer> (0x000000071c8f1e98) 
thrown [s\src\hotspot\share\classfile\systemDictionary.cpp, line 256]
Event: 522.470 Thread 0x0000019e3233e070 Exception <a 'java/lang/ClassNotFoundException'{0x00000007293d7118}: java/lang/ObjectCustomizer> (0x00000007293d7118) 
thrown [s\src\hotspot\share\classfile\systemDictionary.cpp, line 256]
Event: 522.483 Thread 0x0000019e3233e070 Exception <a 'java/lang/ClassNotFoundException'{0x00000007293e2c88}: com/back/cd/back/cd/Modelo/socs_log_modeloCustomizer> (0x00000007293e2c88) 
thrown [s\src\hotspot\share\classfile\systemDictionary.cpp, line 256]
Event: 4210.597 Thread 0x0000019e31943e60 Exception <a 'java/lang/NoSuchMethodError'{0x000000071dfca750}: static [B.<clinit>()V> (0x000000071dfca750) 
thrown [s\src\hotspot\share\prims\jni.cpp, line 1107]
Event: 5410.839 Thread 0x0000019e31943e60 Exception <a 'java/lang/NoSuchMethodError'{0x000000071c73e920}: static [B.<clinit>()V> (0x000000071c73e920) 
thrown [s\src\hotspot\share\prims\jni.cpp, line 1107]
Event: 6545.646 Thread 0x0000019e3233fd50 Exception <a 'java/io/IOException'{0x000000071cf02410}> (0x000000071cf02410) 
thrown [s\src\hotspot\share\prims\jni.cpp, line 516]
Event: 6545.649 Thread 0x0000019e3233fd50 Exception <a 'java/io/IOException'{0x000000071cf03688}> (0x000000071cf03688) 
thrown [s\src\hotspot\share\prims\jni.cpp, line 516]
Event: 6545.705 Thread 0x0000019e3233fd50 Exception <a 'java/io/IOException'{0x000000071c7719e8}> (0x000000071c7719e8) 
thrown [s\src\hotspot\share\prims\jni.cpp, line 516]

VM Operations (20 events):
Event: 6538.389 Executing VM operation: Cleanup done
Event: 6539.399 Executing VM operation: Cleanup
Event: 6539.400 Executing VM operation: Cleanup done
Event: 6541.423 Executing VM operation: G1CollectForAllocation
Event: 6541.725 Executing VM operation: G1CollectForAllocation done
Event: 6541.737 Executing VM operation: G1CollectForAllocation
Event: 6541.843 Executing VM operation: G1CollectForAllocation done
Event: 6542.915 Executing VM operation: G1TryInitiateConcMark
Event: 6542.965 Executing VM operation: G1TryInitiateConcMark done
Event: 6543.298 Executing VM operation: G1Concurrent
Event: 6543.557 Executing VM operation: G1Concurrent done
Event: 6543.627 Executing VM operation: G1Concurrent
Event: 6543.640 Executing VM operation: G1Concurrent done
Event: 6544.645 Executing VM operation: Cleanup
Event: 6544.646 Executing VM operation: Cleanup done
Event: 6544.986 Executing VM operation: G1CollectForAllocation
Event: 6545.072 Executing VM operation: G1CollectForAllocation done
Event: 6545.084 Executing VM operation: G1CollectForAllocation
Event: 6545.154 Executing VM operation: G1CollectForAllocation done
Event: 6545.816 Executing VM operation: G1TryInitiateConcMark

Events (20 events):
Event: 5331.823 Thread 0x0000019e2c698f00 Thread added: 0x0000019e2c698f00
Event: 5331.824 Thread 0x0000019e2c698a30 Thread added: 0x0000019e2c698a30
Event: 5338.493 Thread 0x0000019e2c698f00 Thread exited: 0x0000019e2c698f00
Event: 5338.493 Thread 0x0000019e2c698a30 Thread exited: 0x0000019e2c698a30
Event: 5339.768 Thread 0x0000019e335f92b0 Thread added: 0x0000019e335f92b0
Event: 5339.769 Thread 0x0000019e335f9780 Thread added: 0x0000019e335f9780
Event: 5344.775 Thread 0x0000019e335f92b0 Thread exited: 0x0000019e335f92b0
Event: 5344.790 Thread 0x0000019e335f9780 Thread exited: 0x0000019e335f9780
Event: 5349.139 Thread 0x0000019e335f8910 Thread added: 0x0000019e335f8910
Event: 5349.139 Thread 0x0000019e335f92b0 Thread added: 0x0000019e335f92b0
Event: 5358.447 Thread 0x0000019e335f8910 Thread exited: 0x0000019e335f8910
Event: 5358.447 Thread 0x0000019e335f92b0 Thread exited: 0x0000019e335f92b0
Event: 5371.199 Thread 0x0000019e335061c0 Thread added: 0x0000019e335061c0
Event: 5371.201 Thread 0x0000019e335079d0 Thread added: 0x0000019e335079d0
Event: 5383.410 Thread 0x0000019e335061c0 Thread exited: 0x0000019e335061c0
Event: 5383.429 Thread 0x0000019e335079d0 Thread exited: 0x0000019e335079d0
Event: 5436.764 Thread 0x0000019e3280c5c0 Thread added: 0x0000019e3280c5c0
Event: 5436.771 Thread 0x0000019e337524a0 Thread added: 0x0000019e337524a0
Event: 5441.787 Thread 0x0000019e3280c5c0 Thread exited: 0x0000019e3280c5c0
Event: 5441.787 Thread 0x0000019e337524a0 Thread exited: 0x0000019e337524a0


Dynamic libraries:
0x00007ff645d80000 - 0x00007ff645d8e000 	C:\Users\srodriguezg\OneDrive - Truper, S.A. de C.V\Escritorio\WEB\sts-4.19.0.RELEASE\plugins\org.eclipse.justj.openjdk.hotspot.jre.full.win32.x86_64_17.0.7.v20230425-1502\jre\bin\javaw.exe
0x00007ffb9e600000 - 0x00007ffb9e867000 	C:\WINDOWS\SYSTEM32\ntdll.dll
0x00007ffb9c900000 - 0x00007ffb9c9c9000 	C:\WINDOWS\System32\KERNEL32.DLL
0x00007ffb9be30000 - 0x00007ffb9c21f000 	C:\WINDOWS\System32\KERNELBASE.dll
0x00007ffb9bce0000 - 0x00007ffb9be2b000 	C:\WINDOWS\System32\ucrtbase.dll
0x00007ffb76330000 - 0x00007ffb76347000 	C:\Users\srodriguezg\OneDrive - Truper, S.A. de C.V\Escritorio\WEB\sts-4.19.0.RELEASE\plugins\org.eclipse.justj.openjdk.hotspot.jre.full.win32.x86_64_17.0.7.v20230425-1502\jre\bin\jli.dll
0x00007ffb9d6e0000 - 0x00007ffb9d8a5000 	C:\WINDOWS\System32\USER32.dll
0x00007ffb9b750000 - 0x00007ffb9b777000 	C:\WINDOWS\System32\win32u.dll
0x00007ffb9d6b0000 - 0x00007ffb9d6db000 	C:\WINDOWS\System32\GDI32.dll
0x00007ffb7f7e0000 - 0x00007ffb7fa73000 	C:\WINDOWS\WinSxS\amd64_microsoft.windows.common-controls_6595b64144ccf1df_6.0.26100.7309_none_3e05feeae336a044\COMCTL32.dll
0x00007ffb9c530000 - 0x00007ffb9c5d9000 	C:\WINDOWS\System32\msvcrt.dll
0x00007ffb9b8c0000 - 0x00007ffb9b9ec000 	C:\WINDOWS\System32\gdi32full.dll
0x00007ffb9b810000 - 0x00007ffb9b8b3000 	C:\WINDOWS\System32\msvcp_win.dll
0x00007ffb76310000 - 0x00007ffb76329000 	C:\Users\srodriguezg\OneDrive - Truper, S.A. de C.V\Escritorio\WEB\sts-4.19.0.RELEASE\plugins\org.eclipse.justj.openjdk.hotspot.jre.full.win32.x86_64_17.0.7.v20230425-1502\jre\bin\VCRUNTIME140.dll
0x00007ffb9e580000 - 0x00007ffb9e5b1000 	C:\WINDOWS\System32\IMM32.DLL
0x0000019e179c0000 - 0x0000019e179d6000 	C:\WINDOWS\System32\umppc20403.dll
0x0000019e17a00000 - 0x0000019e17a14000 	C:\WINDOWS\System32\CsXumd64_20403.dll
0x00007ffb952c0000 - 0x00007ffb952cc000 	C:\Users\srodriguezg\OneDrive - Truper, S.A. de C.V\Escritorio\WEB\sts-4.19.0.RELEASE\plugins\org.eclipse.justj.openjdk.hotspot.jre.full.win32.x86_64_17.0.7.v20230425-1502\jre\bin\vcruntime140_1.dll
0x00007ffb75400000 - 0x00007ffb75491000 	C:\Users\srodriguezg\OneDrive - Truper, S.A. de C.V\Escritorio\WEB\sts-4.19.0.RELEASE\plugins\org.eclipse.justj.openjdk.hotspot.jre.full.win32.x86_64_17.0.7.v20230425-1502\jre\bin\msvcp140.dll
0x00007ffb1b6c0000 - 0x00007ffb1c308000 	C:\Users\srodriguezg\OneDrive - Truper, S.A. de C.V\Escritorio\WEB\sts-4.19.0.RELEASE\plugins\org.eclipse.justj.openjdk.hotspot.jre.full.win32.x86_64_17.0.7.v20230425-1502\jre\bin\server\jvm.dll
0x00007ffb9e220000 - 0x00007ffb9e2d4000 	C:\WINDOWS\System32\ADVAPI32.dll
0x00007ffb9c410000 - 0x00007ffb9c4b6000 	C:\WINDOWS\System32\sechost.dll
0x00007ffb9c660000 - 0x00007ffb9c778000 	C:\WINDOWS\System32\RPCRT4.dll
0x00007ffb92a70000 - 0x00007ffb92a7a000 	C:\WINDOWS\SYSTEM32\WSOCK32.dll
0x00007ffb9dc50000 - 0x00007ffb9dcc4000 	C:\WINDOWS\System32\WS2_32.dll
0x00007ffb8f7f0000 - 0x00007ffb8f825000 	C:\WINDOWS\SYSTEM32\WINMM.dll
0x00007ffb8f730000 - 0x00007ffb8f73b000 	C:\WINDOWS\SYSTEM32\VERSION.dll
0x00007ffb9a4c0000 - 0x00007ffb9a4db000 	C:\WINDOWS\SYSTEM32\kernel.appcore.dll
0x00007ffb952d0000 - 0x00007ffb952da000 	C:\Users\srodriguezg\OneDrive - Truper, S.A. de C.V\Escritorio\WEB\sts-4.19.0.RELEASE\plugins\org.eclipse.justj.openjdk.hotspot.jre.full.win32.x86_64_17.0.7.v20230425-1502\jre\bin\jimage.dll
0x00007ffb98c50000 - 0x00007ffb98e92000 	C:\WINDOWS\SYSTEM32\DBGHELP.DLL
0x00007ffb9d8c0000 - 0x00007ffb9dc46000 	C:\WINDOWS\System32\combase.dll
0x00007ffb9d460000 - 0x00007ffb9d536000 	C:\WINDOWS\System32\OLEAUT32.dll
0x00007ffb76960000 - 0x00007ffb7699c000 	C:\WINDOWS\SYSTEM32\dbgcore.DLL
0x00007ffb9bab0000 - 0x00007ffb9bb55000 	C:\WINDOWS\System32\bcryptPrimitives.dll
0x00007ffb92470000 - 0x00007ffb92495000 	C:\Users\srodriguezg\OneDrive - Truper, S.A. de C.V\Escritorio\WEB\sts-4.19.0.RELEASE\plugins\org.eclipse.justj.openjdk.hotspot.jre.full.win32.x86_64_17.0.7.v20230425-1502\jre\bin\java.dll
0x00007ffb91670000 - 0x00007ffb91688000 	C:\Users\srodriguezg\OneDrive - Truper, S.A. de C.V\Escritorio\WEB\sts-4.19.0.RELEASE\plugins\org.eclipse.justj.openjdk.hotspot.jre.full.win32.x86_64_17.0.7.v20230425-1502\jre\bin\zip.dll
0x00007ffb9c9d0000 - 0x00007ffb9d123000 	C:\WINDOWS\System32\SHELL32.dll
0x00007ffb9c230000 - 0x00007ffb9c39a000 	C:\WINDOWS\System32\wintypes.dll
0x00007ffb99110000 - 0x00007ffb9996e000 	C:\WINDOWS\SYSTEM32\windows.storage.dll
0x00007ffb9e2e0000 - 0x00007ffb9e3d5000 	C:\WINDOWS\System32\SHCORE.dll
0x00007ffb9c4c0000 - 0x00007ffb9c526000 	C:\WINDOWS\System32\shlwapi.dll
0x00007ffb9b670000 - 0x00007ffb9b699000 	C:\WINDOWS\SYSTEM32\profapi.dll
0x00007ffb91650000 - 0x00007ffb91669000 	C:\Users\srodriguezg\OneDrive - Truper, S.A. de C.V\Escritorio\WEB\sts-4.19.0.RELEASE\plugins\org.eclipse.justj.openjdk.hotspot.jre.full.win32.x86_64_17.0.7.v20230425-1502\jre\bin\net.dll
0x00007ffb92040000 - 0x00007ffb92168000 	C:\WINDOWS\SYSTEM32\WINHTTP.dll
0x00007ffb9aa10000 - 0x00007ffb9aa7b000 	C:\WINDOWS\system32\mswsock.dll
0x00007ffb880a0000 - 0x00007ffb880b5000 	C:\Users\srodriguezg\OneDrive - Truper, S.A. de C.V\Escritorio\WEB\sts-4.19.0.RELEASE\plugins\org.eclipse.justj.openjdk.hotspot.jre.full.win32.x86_64_17.0.7.v20230425-1502\jre\bin\nio.dll
0x00007ffb916d0000 - 0x00007ffb916d9000 	C:\Users\srodriguezg\OneDrive - Truper, S.A. de C.V\Escritorio\WEB\sts-4.19.0.RELEASE\plugins\org.eclipse.justj.openjdk.hotspot.jre.full.win32.x86_64_17.0.7.v20230425-1502\jre\bin\management.dll
0x00007ffb87ee0000 - 0x00007ffb87eeb000 	C:\Users\srodriguezg\OneDrive - Truper, S.A. de C.V\Escritorio\WEB\sts-4.19.0.RELEASE\plugins\org.eclipse.justj.openjdk.hotspot.jre.full.win32.x86_64_17.0.7.v20230425-1502\jre\bin\management_ext.dll
0x00007ffb9c8b0000 - 0x00007ffb9c8b8000 	C:\WINDOWS\System32\PSAPI.DLL
0x00007ffb76b80000 - 0x00007ffb76b98000 	C:\WINDOWS\system32\napinsp.dll
0x00007ffb99ce0000 - 0x00007ffb99e0c000 	C:\WINDOWS\SYSTEM32\DNSAPI.dll
0x00007ffb99ca0000 - 0x00007ffb99cd4000 	C:\WINDOWS\SYSTEM32\IPHLPAPI.DLL
0x00007ffb9d8b0000 - 0x00007ffb9d8ba000 	C:\WINDOWS\System32\NSI.dll
0x00007ffb76b60000 - 0x00007ffb76b72000 	C:\WINDOWS\System32\winrnr.dll
0x00007ffb76b30000 - 0x00007ffb76b52000 	C:\WINDOWS\system32\nlansp_c.dll
0x00007ffb76b10000 - 0x00007ffb76b26000 	C:\WINDOWS\system32\wshbth.dll
0x00007ffb8f870000 - 0x00007ffb8f87b000 	C:\Windows\System32\rasadhlp.dll
0x00007ffb93030000 - 0x00007ffb930b6000 	C:\WINDOWS\System32\fwpuclnt.dll
0x00007ffb9ae00000 - 0x00007ffb9ae1b000 	C:\WINDOWS\SYSTEM32\CRYPTSP.dll
0x00007ffb9a420000 - 0x00007ffb9a45a000 	C:\WINDOWS\system32\rsaenh.dll
0x00007ffb9aac0000 - 0x00007ffb9aaeb000 	C:\WINDOWS\SYSTEM32\USERENV.dll
0x00007ffb9b640000 - 0x00007ffb9b66a000 	C:\WINDOWS\SYSTEM32\bcrypt.dll
0x00007ffb9ac60000 - 0x00007ffb9ac6c000 	C:\WINDOWS\SYSTEM32\CRYPTBASE.dll
0x00007ffb92e50000 - 0x00007ffb92e6e000 	C:\WINDOWS\SYSTEM32\dhcpcsvc6.DLL
0x00007ffb92d80000 - 0x00007ffb92da3000 	C:\WINDOWS\SYSTEM32\dhcpcsvc.DLL
0x00007ffb88050000 - 0x00007ffb88060000 	C:\Users\srodriguezg\OneDrive - Truper, S.A. de C.V\Escritorio\WEB\sts-4.19.0.RELEASE\plugins\org.eclipse.justj.openjdk.hotspot.jre.full.win32.x86_64_17.0.7.v20230425-1502\jre\bin\verify.dll
0x00007ffb87ff0000 - 0x00007ffb87ffe000 	C:\Users\srodriguezg\OneDrive - Truper, S.A. de C.V\Escritorio\WEB\sts-4.19.0.RELEASE\plugins\org.eclipse.justj.openjdk.hotspot.jre.full.win32.x86_64_17.0.7.v20230425-1502\jre\bin\sunmscapi.dll
0x00007ffb9bb60000 - 0x00007ffb9bcd7000 	C:\WINDOWS\System32\CRYPT32.dll
0x00007ffb9af50000 - 0x00007ffb9af80000 	C:\WINDOWS\SYSTEM32\ncrypt.dll
0x00007ffb9af00000 - 0x00007ffb9af3f000 	C:\WINDOWS\SYSTEM32\NTASN1.dll
0x00007ffb3a180000 - 0x00007ffb3a188000 	C:\WINDOWS\system32\wshunix.dll

dbghelp: loaded successfully - version: 4.0.5 - missing functions: none
symbol engine: initialized successfully - sym options: 0x614 - pdb path: .;C:\Users\srodriguezg\OneDrive - Truper, S.A. de C.V\Escritorio\WEB\sts-4.19.0.RELEASE\plugins\org.eclipse.justj.openjdk.hotspot.jre.full.win32.x86_64_17.0.7.v20230425-1502\jre\bin;C:\WINDOWS\SYSTEM32;C:\WINDOWS\WinSxS\amd64_microsoft.windows.common-controls_6595b64144ccf1df_6.0.26100.7309_none_3e05feeae336a044;C:\Users\srodriguezg\OneDrive - Truper, S.A. de C.V\Escritorio\WEB\sts-4.19.0.RELEASE\plugins\org.eclipse.justj.openjdk.hotspot.jre.full.win32.x86_64_17.0.7.v20230425-1502\jre\bin\server

VM Arguments:
jvm_args: -Dcom.sun.management.jmxremote -Dcom.sun.management.jmxremote.port=59111 -Dcom.sun.management.jmxremote.authenticate=false -Dcom.sun.management.jmxremote.ssl=false -Djava.rmi.server.hostname=localhost -Dspring.jmx.enabled=true -Dmanagement.endpoints.jmx.exposure.include=* -Dspring.application.admin.enabled=true -Xms512m -Xmx4096m -XX:TieredStopAtLevel=1 -Dspring.boot.project.name=BackEnd_Matriz-master -Dfile.encoding=UTF-8 -XX:+ShowCodeDetailsInExceptionMessages 
java_command: com.back.cd.back.cd.Application --spring.output.ansi.enabled=always
java_class_path (initial): C:\Users\srodriguezg\git\backendMatriz\BackEnd_Matriz-master\target\classes;C:\Users\srodriguezg\.m2\repository\jakarta\servlet\jakarta.servlet-api\5.0.0\jakarta.servlet-api-5.0.0.jar;C:\Users\srodriguezg\.m2\repository\org\springframework\boot\spring-boot-starter-data-jpa\2.7.15\spring-boot-starter-data-jpa-2.7.15.jar;C:\Users\srodriguezg\.m2\repository\org\springframework\boot\spring-boot-starter-aop\2.7.15\spring-boot-starter-aop-2.7.15.jar;C:\Users\srodriguezg\.m2\repository\org\springframework\spring-aop\5.3.29\spring-aop-5.3.29.jar;C:\Users\srodriguezg\.m2\repository\org\aspectj\aspectjweaver\1.9.7\aspectjweaver-1.9.7.jar;C:\Users\srodriguezg\.m2\repository\org\springframework\boot\spring-boot-starter-jdbc\2.7.15\spring-boot-starter-jdbc-2.7.15.jar;C:\Users\srodriguezg\.m2\repository\com\zaxxer\HikariCP\4.0.3\HikariCP-4.0.3.jar;C:\Users\srodriguezg\.m2\repository\org\springframework\spring-jdbc\5.3.29\spring-jdbc-5.3.29.jar;C:\Users\srodriguezg\.m2\repository\jakarta\transaction\jakarta.transaction-api\1.3.3\jakarta.transaction-api-1.3.3.jar;C:\Users\srodriguezg\.m2\repository\jakarta\persistence\jakarta.persistence-api\2.2.3\jakarta.persistence-api-2.2.3.jar;C:\Users\srodriguezg\.m2\repository\org\hibernate\hibernate-core\5.6.15.Final\hibernate-core-5.6.15.Final.jar;C:\Users\srodriguezg\.m2\repository\org\jboss\logging\jboss-logging\3.4.3.Final\jboss-logging-3.4.3.Final.jar;C:\Users\srodriguezg\.m2\repository\net\bytebuddy\byte-buddy\1.12.23\byte-buddy-1.12.23.jar;C:\Users\srodriguezg\.m2\repository\antlr\antlr\2.7.7\antlr-2.7.7.jar;C:\Users\srodriguezg\.m2\repository\org\jboss\jandex\2.4.2.Final\jandex-2.4.2.Final.jar;C:\Users\srodriguezg\.m2\repository\com\fasterxml\classmate\1.5.1\classmate-1.5.1.jar;C:\Users\srodriguezg\.m2\repository\org\hibernate\common\hibernate-commons-annotations\5.1.2.Final\hibernate-commons-annotations-5.1.2.Final.jar;C:\Users\srodriguezg\.m2\repository\org\glassfish\jaxb\jaxb-runtime\2.3.8\jaxb-runtime
Launcher Type: SUN_STANDARD

[Global flags]
     intx CICompilerCount                          = 4                                         {product} {ergonomic}
     uint ConcGCThreads                            = 2                                         {product} {ergonomic}
     uint G1ConcRefinementThreads                  = 8                                         {product} {ergonomic}
   size_t G1HeapRegionSize                         = 2097152                                   {product} {ergonomic}
    uintx GCDrainStackTargetSize                   = 64                                        {product} {ergonomic}
   size_t InitialHeapSize                          = 536870912                                 {product} {command line}
     bool ManagementServer                         = true                                      {product} {command line}
   size_t MarkStackSize                            = 4194304                                   {product} {ergonomic}
   size_t MaxHeapSize                              = 4294967296                                {product} {command line}
   size_t MaxNewSize                               = 2575302656                                {product} {ergonomic}
   size_t MinHeapDeltaBytes                        = 2097152                                   {product} {ergonomic}
   size_t MinHeapSize                              = 536870912                                 {product} {command line}
    uintx NonProfiledCodeHeapSize                  = 0                                      {pd product} {ergonomic}
     bool ProfileInterpreter                       = false                                  {pd product} {command line}
    uintx ProfiledCodeHeapSize                     = 0                                      {pd product} {ergonomic}
     bool ShowCodeDetailsInExceptionMessages       = true                                   {manageable} {command line}
   size_t SoftMaxHeapSize                          = 4294967296                             {manageable} {ergonomic}
     intx TieredStopAtLevel                        = 1                                         {product} {command line}
     bool UseCompressedClassPointers               = true                           {product lp64_product} {ergonomic}
     bool UseCompressedOops                        = true                           {product lp64_product} {ergonomic}
     bool UseG1GC                                  = true                                      {product} {ergonomic}
     bool UseLargePagesIndividualAllocation        = false                                  {pd product} {ergonomic}

Logging:
Log output configuration:
 #0: stdout all=warning uptime,level,tags
 #1: stderr all=off uptime,level,tags

Environment Variables:
PATH=C:/Users/srodriguezg/OneDrive - Truper, S.A. de C.V/Escritorio/WEB/sts-4.19.0.RELEASE//plugins/org.eclipse.justj.openjdk.hotspot.jre.full.win32.x86_64_17.0.7.v20230425-1502/jre/bin/server;C:/Users/srodriguezg/OneDrive - Truper, S.A. de C.V/Escritorio/WEB/sts-4.19.0.RELEASE//plugins/org.eclipse.justj.openjdk.hotspot.jre.full.win32.x86_64_17.0.7.v20230425-1502/jre/bin;C:\Program Files\Common Files\Oracle\Java\javapath;C:\Program Files (x86)\Common Files\Oracle\Java\java8path;C:\Program Files (x86)\Common Files\Oracle\Java\javapath;C:\WINDOWS\system32;C:\WINDOWS;C:\WINDOWS\System32\Wbem;C:\WINDOWS\System32\WindowsPowerShell\v1.0\;C:\WINDOWS\System32\OpenSSH\;C:\Program Files\dotnet\;C:\Program Files\nodejs\;C:\Users\srodriguezg\AppData\Local\Microsoft\WindowsApps;C:\Users\srodriguezg\AppData\Local\Programs\Microsoft VS Code\bin;C:\Users\srodriguezg\AppData\Roaming\npm;C:\Users\srodriguezg\AppData\Local\Programs\Git\cmd;C:\Users\srodriguezg\OneDrive - Truper, S.A. de C.V\Escritorio\WEB\sts-4.19.0.RELEASE;
USERNAME=srodriguezg
OS=Windows_NT
PROCESSOR_IDENTIFIER=Intel64 Family 6 Model 140 Stepping 1, GenuineIntel
TMP=C:\Users\SRODRI~1\AppData\Local\Temp
TEMP=C:\Users\SRODRI~1\AppData\Local\Temp



---------------  S Y S T E M  ---------------

OS:
 Windows 11 , 64 bit Build 26100 (10.0.26100.7623)
OS uptime: 0 days 2:21 hours
Hyper-V role detected

CPU: total 8 (initial active 8) (4 cores per cpu, 2 threads per core) family 6 model 140 stepping 1 microcode 0xbe, cx8, cmov, fxsr, ht, mmx, 3dnowpref, sse, sse2, sse3, ssse3, sse4.1, sse4.2, popcnt, lzcnt, tsc, tscinvbit, avx, avx2, aes, erms, clmul, bmi1, bmi2, adx, avx512f, avx512dq, avx512cd, avx512bw, avx512vl, sha, fma, vzeroupper, avx512_vpopcntdq, avx512_vpclmulqdq, avx512_vaes, avx512_vnni, clflush, clflushopt, clwb, avx512_vbmi2, avx512_vbmi, hv

Memory: 4k page, system-wide physical 7585M (1573M free)
TotalPageFile size 31085M (AvailPageFile size 910M)
current process WorkingSet (physical memory assigned to process): 634M, peak: 1177M
current process commit charge ("private bytes"): 753M, peak: 2873M

vm_info: OpenJDK 64-Bit Server VM (17.0.7+7) for windows-amd64 JRE (17.0.7+7), built on Apr 18 2023 22:10:42 by "temurin" with MS VC++ 16.7 (VS2019)

END.
